#
# There is insufficient memory for the Java Runtime Environment to continue.
# Native memory allocation (malloc) failed to allocate 32744 bytes for ChunkPool::allocate
# Possible reasons:
#   The system is out of physical RAM or swap space
#   The process is running with CompressedOops enabled, and the Java Heap may be blocking the growth of the native heap
# Possible solutions:
#   Reduce memory load on the system
#   Increase physical memory or swap space
#   Check if swap backing store is full
#   Decrease Java heap size (-Xmx/-Xms)
#   Decrease number of Java threads
#   Decrease Java thread stack sizes (-Xss)
#   Set larger code cache with -XX:ReservedCodeCacheSize=
#   JVM is running with Unscaled Compressed Oops mode in which the Java heap is
#     placed in the first 4GB address space. The Java Heap base address is the
#     maximum limit for the native heap growth. Please use -XX:HeapBaseMinAddress
#     to set the Java Heap base and to place the Java Heap above 4GB virtual address.
# This output file may be truncated or incomplete.
#
#  Out of Memory Error (arena.cpp:78), pid=21004, tid=11144
#
# JRE version: OpenJDK Runtime Environment Microsoft-8035246 (17.0.8+7) (build 17.0.8+7-LTS)
# Java VM: OpenJDK 64-Bit Server VM Microsoft-8035246 (17.0.8+7-LTS, mixed mode, sharing, tiered, compressed oops, compressed class ptrs, g1 gc, windows-amd64)
# No core dump will be written. Minidumps are not enabled by default on client versions of Windows
#

---------------  S U M M A R Y ------------

Command Line: -XX:MaxMetaspaceSize=512m --add-opens=java.base/java.util=ALL-UNNAMED --add-opens=java.base/java.lang=ALL-UNNAMED --add-opens=java.base/java.lang.invoke=ALL-UNNAMED --add-opens=java.prefs/java.util.prefs=ALL-UNNAMED --add-opens=java.base/java.nio.charset=ALL-UNNAMED --add-opens=java.base/java.net=ALL-UNNAMED --add-opens=java.base/java.util.concurrent.atomic=ALL-UNNAMED -Xmx2048m -Dfile.encoding=utf8 -Duser.country=GB -Duser.language=en -Duser.variant -javaagent:C:\Users\stefa\.gradle\wrapper\dists\gradle-8.3-all\6en3ugtfdg5xnpx44z4qbwgas\gradle-8.3\lib\agents\gradle-instrumentation-agent-8.3.jar org.gradle.launcher.daemon.bootstrap.GradleDaemon 8.3

Host: Intel(R) Core(TM) i7-10510U CPU @ 1.80GHz, 8 cores, 7G,  Windows 10 , 64 bit Build 19041 (10.0.19041.3636)
Time: Sat Apr 27 08:43:33 2024 W. Europe Summer Time elapsed time: 129.813109 seconds (0d 0h 2m 9s)

---------------  T H R E A D  ---------------

Current thread (0x0000015b7f376630):  JavaThread "C2 CompilerThread0" daemon [_thread_in_native, id=11144, stack(0x0000002469100000,0x0000002469200000)]


Current CompileTask:
C2: 129813 13868   !   4       org.gradle.internal.metaobject.BeanDynamicObject$MetaClassAdapter::lookupProperty (47 bytes)

Stack: [0x0000002469100000,0x0000002469200000]
Native frames: (J=compiled Java code, j=interpreted, Vv=VM code, C=native code)
V  [jvm.dll+0x67bf3a]
V  [jvm.dll+0x83a024]
V  [jvm.dll+0x83b7ce]
V  [jvm.dll+0x83be33]
V  [jvm.dll+0x24785f]
V  [jvm.dll+0xac5dc]
V  [jvm.dll+0xac98c]
V  [jvm.dll+0x6079d0]
V  [jvm.dll+0x60d737]
V  [jvm.dll+0x60e5b2]
V  [jvm.dll+0x60cb14]
V  [jvm.dll+0x219fa8]
V  [jvm.dll+0x219551]
V  [jvm.dll+0x1a56b6]
V  [jvm.dll+0x2291ea]
V  [jvm.dll+0x22724c]
V  [jvm.dll+0x7efd0c]
V  [jvm.dll+0x7ea13a]
V  [jvm.dll+0x67ad85]
C  [ucrtbase.dll+0x21bb2]
C  [KERNEL32.DLL+0x17344]
C  [ntdll.dll+0x526b1]


---------------  P R O C E S S  ---------------

Threads class SMR info:
_java_thread_list=0x0000015b3c68df30, length=113, elements={
0x0000015b7d957320, 0x0000015b7f34bb50, 0x0000015b7f34d240, 0x0000015b7f368650,
0x0000015b7f3691f0, 0x0000015b7f36c3b0, 0x0000015b7f36dd00, 0x0000015b7f376630,
0x0000015b7f377880, 0x0000015b7f36e720, 0x0000015b7f36f650, 0x0000015b7f36e210,
0x0000015b7f36cdd0, 0x0000015b7f36ec30, 0x0000015b7f36fb60, 0x0000015b7f36d7f0,
0x0000015b7f36f140, 0x0000015b7f36d2e0, 0x0000015b3d4d8df0, 0x0000015b3d4db160,
0x0000015b3d4dcab0, 0x0000015b3d4d6570, 0x0000015b3d4dcfc0, 0x0000015b3d4d9300,
0x0000015b3d4d9810, 0x0000015b3d4d9d20, 0x0000015b3d4da230, 0x0000015b3d4d6f90,
0x0000015b3d4db670, 0x0000015b3d4d6a80, 0x0000015b3d4dc090, 0x0000015b3d4d6060,
0x0000015b3d4da740, 0x0000015b3d4dc5a0, 0x0000015b3d4d83d0, 0x0000015b3d4dac50,
0x0000015b3d4dd9e0, 0x0000015b3d4d79b0, 0x0000015b3d4d88e0, 0x0000015b3c874440,
0x0000015b3c8716b0, 0x0000015b3c871bc0, 0x0000015b3c870270, 0x0000015b3c8767b0,
0x0000015b3c8720d0, 0x0000015b3c8725e0, 0x0000015b3c86fd60, 0x0000015b3c873f30,
0x0000015b3c875370, 0x0000015b3c875d90, 0x0000015b3c875880, 0x0000015b3c872af0,
0x0000015b3c876cc0, 0x0000015b3c8771d0, 0x0000015b3c870c90, 0x0000015b3c8776e0,
0x0000015b3c870780, 0x0000015b3c8711a0, 0x0000015b3c873510, 0x0000015b3c873a20,
0x0000015b40006c00, 0x0000015b40007110, 0x0000015b40007b30, 0x0000015b40008550,
0x0000015b40009480, 0x0000015b400061e0, 0x0000015b4000add0, 0x0000015b40008040,
0x0000015b40008a60, 0x0000015b40008f70, 0x0000015b40009990, 0x0000015b4000bd00,
0x0000015b4000b7f0, 0x0000015b40009ea0, 0x0000015b40004890, 0x0000015b4000c210,
0x0000015b4000a3b0, 0x0000015b400057c0, 0x0000015b4000a8c0, 0x0000015b40004da0,
0x0000015b400052b0, 0x0000015b40005cd0, 0x0000015b3f104df0, 0x0000015b3f1034a0,
0x0000015b3f105810, 0x0000015b3f105300, 0x0000015b3f1043d0, 0x0000015b3c873000,
0x0000015b3d4d7ec0, 0x0000015b41650890, 0x0000015b41653b30, 0x0000015b41655990,
0x0000015b416512b0, 0x0000015b41654f70, 0x0000015b416572e0, 0x0000015b41652c00,
0x0000015b41654a60, 0x0000015b416521e0, 0x0000015b41658210, 0x0000015b416563b0,
0x0000015b416568c0, 0x0000015b416517c0, 0x0000015b41650da0, 0x0000015b416577f0,
0x0000015b41657d00, 0x0000015b41656dd0, 0x0000015b3c874e60, 0x0000015b41653110,
0x0000015b3d4dbb80, 0x0000015b3f278c30, 0x0000015b3f274f70, 0x0000015b3f27a580,
0x0000015b3f274550
}

Java Threads: ( => current thread )
  0x0000015b7d957320 JavaThread "main" [_thread_blocked, id=7832, stack(0x0000002468400000,0x0000002468500000)]
  0x0000015b7f34bb50 JavaThread "Reference Handler" daemon [_thread_blocked, id=20660, stack(0x0000002468b00000,0x0000002468c00000)]
  0x0000015b7f34d240 JavaThread "Finalizer" daemon [_thread_blocked, id=17612, stack(0x0000002468c00000,0x0000002468d00000)]
  0x0000015b7f368650 JavaThread "Signal Dispatcher" daemon [_thread_blocked, id=12232, stack(0x0000002468d00000,0x0000002468e00000)]
  0x0000015b7f3691f0 JavaThread "Attach Listener" daemon [_thread_blocked, id=3536, stack(0x0000002468e00000,0x0000002468f00000)]
  0x0000015b7f36c3b0 JavaThread "Service Thread" daemon [_thread_blocked, id=1420, stack(0x0000002468f00000,0x0000002469000000)]
  0x0000015b7f36dd00 JavaThread "Monitor Deflation Thread" daemon [_thread_blocked, id=20764, stack(0x0000002469000000,0x0000002469100000)]
=>0x0000015b7f376630 JavaThread "C2 CompilerThread0" daemon [_thread_in_native, id=11144, stack(0x0000002469100000,0x0000002469200000)]
  0x0000015b7f377880 JavaThread "C1 CompilerThread0" daemon [_thread_in_native, id=16796, stack(0x0000002469200000,0x0000002469300000)]
  0x0000015b7f36e720 JavaThread "Sweeper thread" daemon [_thread_blocked, id=10116, stack(0x0000002469300000,0x0000002469400000)]
  0x0000015b7f36f650 JavaThread "Common-Cleaner" daemon [_thread_blocked, id=21080, stack(0x0000002469400000,0x0000002469500000)]
  0x0000015b7f36e210 JavaThread "Notification Thread" daemon [_thread_blocked, id=17956, stack(0x0000002469500000,0x0000002469600000)]
  0x0000015b7f36cdd0 JavaThread "Daemon health stats" [_thread_blocked, id=2944, stack(0x0000002469c00000,0x0000002469d00000)]
  0x0000015b7f36ec30 JavaThread "Incoming local TCP Connector on port 64805" [_thread_in_native, id=8880, stack(0x0000002469a00000,0x0000002469b00000)]
  0x0000015b7f36fb60 JavaThread "Daemon periodic checks" [_thread_blocked, id=17672, stack(0x0000002469d00000,0x0000002469e00000)]
  0x0000015b7f36d7f0 JavaThread "Daemon" [_thread_blocked, id=11568, stack(0x0000002469e00000,0x0000002469f00000)]
  0x0000015b7f36f140 JavaThread "Handler for socket connection from /127.0.0.1:64805 to /127.0.0.1:64806" [_thread_in_native, id=17780, stack(0x0000002469f00000,0x000000246a000000)]
  0x0000015b7f36d2e0 JavaThread "Cancel handler" [_thread_blocked, id=11120, stack(0x000000246a000000,0x000000246a100000)]
  0x0000015b3d4d8df0 JavaThread "Daemon worker" [_thread_in_Java, id=21048, stack(0x000000246a100000,0x000000246a200000)]
  0x0000015b3d4db160 JavaThread "Asynchronous log dispatcher for DefaultDaemonConnection: socket connection from /127.0.0.1:64805 to /127.0.0.1:64806" [_thread_blocked, id=11432, stack(0x000000246a200000,0x000000246a300000)]
  0x0000015b3d4dcab0 JavaThread "Daemon client event forwarder" [_thread_in_native, id=20708, stack(0x000000246a400000,0x000000246a500000)]
  0x0000015b3d4d6570 JavaThread "Cache worker for journal cache (C:\Users\stefa\.gradle\caches\journal-1)" [_thread_blocked, id=11392, stack(0x000000246a500000,0x000000246a600000)]
  0x0000015b3d4dcfc0 JavaThread "File lock request listener" [_thread_in_native, id=2276, stack(0x000000246a600000,0x000000246a700000)]
  0x0000015b3d4d9300 JavaThread "Cache worker for file hash cache (C:\Users\stefa\.gradle\caches\8.3\fileHashes)" [_thread_blocked, id=18872, stack(0x000000246a700000,0x000000246a800000)]
  0x0000015b3d4d9810 JavaThread "File watcher server" daemon [_thread_in_native, id=19484, stack(0x000000246ab00000,0x000000246ac00000)]
  0x0000015b3d4d9d20 JavaThread "File watcher consumer" daemon [_thread_blocked, id=20612, stack(0x000000246ac00000,0x000000246ad00000)]
  0x0000015b3d4da230 JavaThread "Cache worker for checksums cache (C:\Users\stefa\AppCaragiale\android\.gradle\8.3\checksums)" [_thread_blocked, id=4844, stack(0x000000246ad00000,0x000000246ae00000)]
  0x0000015b3d4d6f90 JavaThread "Cache worker for file hash cache (C:\Users\stefa\AppCaragiale\android\.gradle\8.3\fileHashes)" [_thread_blocked, id=17052, stack(0x000000246af00000,0x000000246b000000)]
  0x0000015b3d4db670 JavaThread "Cache worker for cache directory md-supplier (C:\Users\stefa\.gradle\caches\8.3\md-supplier)" [_thread_blocked, id=19760, stack(0x000000246b000000,0x000000246b100000)]
  0x0000015b3d4d6a80 JavaThread "Cache worker for file content cache (C:\Users\stefa\.gradle\caches\8.3\fileContent)" [_thread_blocked, id=3020, stack(0x000000246b100000,0x000000246b200000)]
  0x0000015b3d4dc090 JavaThread "Cache worker for cache directory md-rule (C:\Users\stefa\.gradle\caches\8.3\md-rule)" [_thread_blocked, id=17552, stack(0x000000246b200000,0x000000246b300000)]
  0x0000015b3d4d6060 JavaThread "Cache worker for execution history cache (C:\Users\stefa\.gradle\caches\8.3\executionHistory)" [_thread_blocked, id=14648, stack(0x000000246b300000,0x000000246b400000)]
  0x0000015b3d4da740 JavaThread "jar transforms" [_thread_blocked, id=17844, stack(0x000000246b500000,0x000000246b600000)]
  0x0000015b3d4dc5a0 JavaThread "jar transforms Thread 2" [_thread_blocked, id=8092, stack(0x000000246b600000,0x000000246b700000)]
  0x0000015b3d4d83d0 JavaThread "jar transforms Thread 3" [_thread_blocked, id=18112, stack(0x000000246b700000,0x000000246b800000)]
  0x0000015b3d4dac50 JavaThread "jar transforms Thread 4" [_thread_blocked, id=17668, stack(0x000000246b800000,0x000000246b900000)]
  0x0000015b3d4dd9e0 JavaThread "jar transforms Thread 5" [_thread_blocked, id=20692, stack(0x000000246b900000,0x000000246ba00000)]
  0x0000015b3d4d79b0 JavaThread "jar transforms Thread 6" [_thread_blocked, id=2336, stack(0x000000246ba00000,0x000000246bb00000)]
  0x0000015b3d4d88e0 JavaThread "Cache worker for kotlin-dsl (C:\Users\stefa\.gradle\caches\8.3\kotlin-dsl)" [_thread_blocked, id=14216, stack(0x000000246bb00000,0x000000246bc00000)]
  0x0000015b3c874440 JavaThread "jar transforms Thread 7" [_thread_blocked, id=17192, stack(0x000000246bc00000,0x000000246bd00000)]
  0x0000015b3c8716b0 JavaThread "jar transforms Thread 8" [_thread_blocked, id=16884, stack(0x000000246bd00000,0x000000246be00000)]
  0x0000015b3c871bc0 JavaThread "Unconstrained build operations" [_thread_blocked, id=9992, stack(0x000000246be00000,0x000000246bf00000)]
  0x0000015b3c870270 JavaThread "Unconstrained build operations Thread 2" [_thread_blocked, id=3040, stack(0x000000246bf00000,0x000000246c000000)]
  0x0000015b3c8767b0 JavaThread "Cache worker for dependencies-accessors (C:\Users\stefa\AppCaragiale\android\.gradle\8.3\dependencies-accessors)" [_thread_blocked, id=8256, stack(0x000000246c000000,0x000000246c100000)]
  0x0000015b3c8720d0 JavaThread "Cache worker for Build Output Cleanup Cache (C:\Users\stefa\AppCaragiale\node_modules\@react-native\gradle-plugin\.gradle\buildOutputCleanup)" [_thread_blocked, id=19896, stack(0x000000246c100000,0x000000246c200000)]
  0x0000015b3c8725e0 JavaThread "Unconstrained build operations Thread 3" [_thread_blocked, id=14736, stack(0x000000246c200000,0x000000246c300000)]
  0x0000015b3c86fd60 JavaThread "Unconstrained build operations Thread 4" [_thread_blocked, id=12920, stack(0x000000246c300000,0x000000246c400000)]
  0x0000015b3c873f30 JavaThread "Unconstrained build operations Thread 5" [_thread_blocked, id=20976, stack(0x000000246c400000,0x000000246c500000)]
  0x0000015b3c875370 JavaThread "Unconstrained build operations Thread 6" [_thread_blocked, id=16160, stack(0x000000246c500000,0x000000246c600000)]
  0x0000015b3c875d90 JavaThread "Unconstrained build operations Thread 7" [_thread_blocked, id=16936, stack(0x000000246c600000,0x000000246c700000)]
  0x0000015b3c875880 JavaThread "Unconstrained build operations Thread 8" [_thread_blocked, id=21628, stack(0x000000246c700000,0x000000246c800000)]
  0x0000015b3c872af0 JavaThread "Unconstrained build operations Thread 9" [_thread_blocked, id=21512, stack(0x000000246c800000,0x000000246c900000)]
  0x0000015b3c876cc0 JavaThread "Memory manager" [_thread_blocked, id=21424, stack(0x000000246c900000,0x000000246ca00000)]
  0x0000015b3c8771d0 JavaThread "Cache worker for Build Output Cleanup Cache (C:\Users\stefa\AppCaragiale\android\.gradle\buildOutputCleanup)" [_thread_blocked, id=12792, stack(0x000000246b400000,0x000000246b500000)]
  0x0000015b3c870c90 JavaThread "ForkJoinPool.commonPool-worker-1" daemon [_thread_blocked, id=11648, stack(0x000000246ca00000,0x000000246cb00000)]
  0x0000015b3c8776e0 JavaThread "ForkJoinPool.commonPool-worker-2" daemon [_thread_blocked, id=15100, stack(0x000000246cb00000,0x000000246cc00000)]
  0x0000015b3c870780 JavaThread "ForkJoinPool.commonPool-worker-3" daemon [_thread_blocked, id=20944, stack(0x000000246cc00000,0x000000246cd00000)]
  0x0000015b3c8711a0 JavaThread "ForkJoinPool.commonPool-worker-4" daemon [_thread_blocked, id=18024, stack(0x000000246cd00000,0x000000246ce00000)]
  0x0000015b3c873510 JavaThread "ForkJoinPool.commonPool-worker-5" daemon [_thread_blocked, id=2984, stack(0x000000246ce00000,0x000000246cf00000)]
  0x0000015b3c873a20 JavaThread "ForkJoinPool.commonPool-worker-6" daemon [_thread_blocked, id=6044, stack(0x000000246cf00000,0x000000246d000000)]
  0x0000015b40006c00 JavaThread "Execution worker" [_thread_blocked, id=7796, stack(0x000000246d700000,0x000000246d800000)]
  0x0000015b40007110 JavaThread "Execution worker Thread 2" [_thread_blocked, id=6876, stack(0x000000246d800000,0x000000246d900000)]
  0x0000015b40007b30 JavaThread "Execution worker Thread 3" [_thread_blocked, id=19220, stack(0x000000246d900000,0x000000246da00000)]
  0x0000015b40008550 JavaThread "Execution worker Thread 4" [_thread_blocked, id=6504, stack(0x000000246da00000,0x000000246db00000)]
  0x0000015b40009480 JavaThread "Execution worker Thread 5" [_thread_blocked, id=14916, stack(0x000000246db00000,0x000000246dc00000)]
  0x0000015b400061e0 JavaThread "Execution worker Thread 6" [_thread_blocked, id=19432, stack(0x000000246dc00000,0x000000246dd00000)]
  0x0000015b4000add0 JavaThread "Execution worker Thread 7" [_thread_blocked, id=18132, stack(0x000000246dd00000,0x000000246de00000)]
  0x0000015b40008040 JavaThread "Cache worker for execution history cache (C:\Users\stefa\AppCaragiale\node_modules\@react-native\gradle-plugin\.gradle\8.3\executionHistory)" [_thread_blocked, id=14880, stack(0x000000246de00000,0x000000246df00000)]
  0x0000015b40008a60 JavaThread "Unconstrained build operations Thread 10" [_thread_blocked, id=16136, stack(0x000000246df00000,0x000000246e000000)]
  0x0000015b40008f70 JavaThread "Unconstrained build operations Thread 11" [_thread_blocked, id=6828, stack(0x000000246e000000,0x000000246e100000)]
  0x0000015b40009990 JavaThread "Unconstrained build operations Thread 12" [_thread_blocked, id=10316, stack(0x000000246e100000,0x000000246e200000)]
  0x0000015b4000bd00 JavaThread "Unconstrained build operations Thread 13" [_thread_blocked, id=21064, stack(0x000000246e200000,0x000000246e300000)]
  0x0000015b4000b7f0 JavaThread "Unconstrained build operations Thread 14" [_thread_blocked, id=3776, stack(0x000000246e300000,0x000000246e400000)]
  0x0000015b40009ea0 JavaThread "Unconstrained build operations Thread 15" [_thread_blocked, id=13504, stack(0x000000246e400000,0x000000246e500000)]
  0x0000015b40004890 JavaThread "Unconstrained build operations Thread 16" [_thread_blocked, id=7300, stack(0x000000246e500000,0x000000246e600000)]
  0x0000015b4000c210 JavaThread "Unconstrained build operations Thread 17" [_thread_blocked, id=21808, stack(0x000000246e600000,0x000000246e700000)]
  0x0000015b4000a3b0 JavaThread "Unconstrained build operations Thread 18" [_thread_blocked, id=10916, stack(0x000000246e700000,0x000000246e800000)]
  0x0000015b400057c0 JavaThread "Unconstrained build operations Thread 19" [_thread_blocked, id=16052, stack(0x000000246e800000,0x000000246e900000)]
  0x0000015b4000a8c0 JavaThread "Unconstrained build operations Thread 20" [_thread_blocked, id=428, stack(0x000000246e900000,0x000000246ea00000)]
  0x0000015b40004da0 JavaThread "Unconstrained build operations Thread 21" [_thread_blocked, id=14668, stack(0x000000246ea00000,0x000000246eb00000)]
  0x0000015b400052b0 JavaThread "Unconstrained build operations Thread 22" [_thread_blocked, id=6872, stack(0x000000246eb00000,0x000000246ec00000)]
  0x0000015b40005cd0 JavaThread "Unconstrained build operations Thread 23" [_thread_blocked, id=22224, stack(0x000000246ec00000,0x000000246ed00000)]
  0x0000015b3f104df0 JavaThread "Unconstrained build operations Thread 24" [_thread_blocked, id=21864, stack(0x000000246ed00000,0x000000246ee00000)]
  0x0000015b3f1034a0 JavaThread "Unconstrained build operations Thread 25" [_thread_blocked, id=20776, stack(0x000000246ee00000,0x000000246ef00000)]
  0x0000015b3f105810 JavaThread "Unconstrained build operations Thread 26" [_thread_blocked, id=6228, stack(0x0000002468200000,0x0000002468300000)]
  0x0000015b3f105300 JavaThread "Unconstrained build operations Thread 27" [_thread_blocked, id=2812, stack(0x0000002468300000,0x0000002468400000)]
  0x0000015b3f1043d0 JavaThread "Unconstrained build operations Thread 28" [_thread_blocked, id=14884, stack(0x000000246a300000,0x000000246a400000)]
  0x0000015b3c873000 JavaThread "Unconstrained build operations Thread 29" [_thread_blocked, id=4780, stack(0x000000246ef00000,0x000000246f000000)]
  0x0000015b3d4d7ec0 JavaThread "Unconstrained build operations Thread 30" [_thread_blocked, id=3712, stack(0x000000246f000000,0x000000246f100000)]
  0x0000015b41650890 JavaThread "Unconstrained build operations Thread 31" [_thread_blocked, id=17700, stack(0x000000246f100000,0x000000246f200000)]
  0x0000015b41653b30 JavaThread "Unconstrained build operations Thread 32" [_thread_blocked, id=17492, stack(0x000000246f200000,0x000000246f300000)]
  0x0000015b41655990 JavaThread "Unconstrained build operations Thread 33" [_thread_blocked, id=1904, stack(0x000000246f300000,0x000000246f400000)]
  0x0000015b416512b0 JavaThread "Unconstrained build operations Thread 34" [_thread_blocked, id=8136, stack(0x000000246f400000,0x000000246f500000)]
  0x0000015b41654f70 JavaThread "Unconstrained build operations Thread 35" [_thread_blocked, id=17064, stack(0x000000246f500000,0x000000246f600000)]
  0x0000015b416572e0 JavaThread "Unconstrained build operations Thread 36" [_thread_blocked, id=18364, stack(0x000000246f600000,0x000000246f700000)]
  0x0000015b41652c00 JavaThread "Unconstrained build operations Thread 37" [_thread_blocked, id=19356, stack(0x000000246f700000,0x000000246f800000)]
  0x0000015b41654a60 JavaThread "Unconstrained build operations Thread 38" [_thread_blocked, id=13236, stack(0x000000246f800000,0x000000246f900000)]
  0x0000015b416521e0 JavaThread "Unconstrained build operations Thread 39" [_thread_blocked, id=21968, stack(0x000000246f900000,0x000000246fa00000)]
  0x0000015b41658210 JavaThread "Unconstrained build operations Thread 40" [_thread_blocked, id=15932, stack(0x000000246fa00000,0x000000246fb00000)]
  0x0000015b416563b0 JavaThread "Unconstrained build operations Thread 41" [_thread_blocked, id=3316, stack(0x000000246d000000,0x000000246d100000)]
  0x0000015b416568c0 JavaThread "Unconstrained build operations Thread 42" [_thread_blocked, id=13892, stack(0x000000246d100000,0x000000246d200000)]
  0x0000015b416517c0 JavaThread "Unconstrained build operations Thread 43" [_thread_blocked, id=20840, stack(0x000000246d200000,0x000000246d300000)]
  0x0000015b41650da0 JavaThread "Unconstrained build operations Thread 44" [_thread_blocked, id=19384, stack(0x000000246d300000,0x000000246d400000)]
  0x0000015b416577f0 JavaThread "Unconstrained build operations Thread 45" [_thread_blocked, id=14184, stack(0x000000246d600000,0x000000246d700000)]
  0x0000015b41657d00 JavaThread "Unconstrained build operations Thread 46" [_thread_blocked, id=7720, stack(0x000000246fb00000,0x000000246fc00000)]
  0x0000015b41656dd0 JavaThread "Unconstrained build operations Thread 47" [_thread_blocked, id=20728, stack(0x000000246fc00000,0x000000246fd00000)]
  0x0000015b3c874e60 JavaThread "Unconstrained build operations Thread 48" [_thread_blocked, id=11720, stack(0x000000246fd00000,0x000000246fe00000)]
  0x0000015b41653110 JavaThread "Unconstrained build operations Thread 49" [_thread_blocked, id=4884, stack(0x000000246fe00000,0x000000246ff00000)]
  0x0000015b3d4dbb80 JavaThread "Unconstrained build operations Thread 50" [_thread_blocked, id=7664, stack(0x000000246ff00000,0x0000002470000000)]
  0x0000015b3f278c30 JavaThread "Unconstrained build operations Thread 51" [_thread_blocked, id=17240, stack(0x0000002470000000,0x0000002470100000)]
  0x0000015b3f274f70 JavaThread "Unconstrained build operations Thread 52" [_thread_blocked, id=5700, stack(0x0000002470100000,0x0000002470200000)]
  0x0000015b3f27a580 JavaThread "Unconstrained build operations Thread 53" [_thread_blocked, id=11036, stack(0x0000002470200000,0x0000002470300000)]
  0x0000015b3f274550 JavaThread "Unconstrained build operations Thread 54" [_thread_blocked, id=11368, stack(0x0000002470300000,0x0000002470400000)]

Other Threads:
  0x0000015b7f3456c0 VMThread "VM Thread" [stack: 0x0000002468a00000,0x0000002468b00000] [id=16012]
  0x0000015b7d9ce030 WatcherThread [stack: 0x0000002469600000,0x0000002469700000] [id=1388]
  0x0000015b7d9b35f0 GCTaskThread "GC Thread#0" [stack: 0x0000002468500000,0x0000002468600000] [id=16728]
  0x0000015b3c638840 GCTaskThread "GC Thread#1" [stack: 0x0000002469700000,0x0000002469800000] [id=19048]
  0x0000015b3c56b010 GCTaskThread "GC Thread#2" [stack: 0x0000002469800000,0x0000002469900000] [id=21712]
  0x0000015b3c919870 GCTaskThread "GC Thread#3" [stack: 0x0000002469900000,0x0000002469a00000] [id=9488]
  0x0000015b3cd110c0 GCTaskThread "GC Thread#4" [stack: 0x0000002469b00000,0x0000002469c00000] [id=19688]
  0x0000015b3cfabc20 GCTaskThread "GC Thread#5" [stack: 0x000000246a800000,0x000000246a900000] [id=21112]
  0x0000015b3cfac1a0 GCTaskThread "GC Thread#6" [stack: 0x000000246a900000,0x000000246aa00000] [id=21896]
  0x0000015b3cfaa620 GCTaskThread "GC Thread#7" [stack: 0x000000246aa00000,0x000000246ab00000] [id=1440]
  0x0000015b7d9c5620 ConcurrentGCThread "G1 Main Marker" [stack: 0x0000002468600000,0x0000002468700000] [id=2832]
  0x0000015b7d9c67d0 ConcurrentGCThread "G1 Conc#0" [stack: 0x0000002468700000,0x0000002468800000] [id=8]
  0x0000015b3cfaa8e0 ConcurrentGCThread "G1 Conc#1" [stack: 0x000000246ae00000,0x000000246af00000] [id=13992]
  0x0000015b7da0dd50 ConcurrentGCThread "G1 Refine#0" [stack: 0x0000002468800000,0x0000002468900000] [id=2468]
  0x0000015b7da0e780 ConcurrentGCThread "G1 Service" [stack: 0x0000002468900000,0x0000002468a00000] [id=15972]

Threads with active compile tasks:
C2 CompilerThread0   129900 13868   !   4       org.gradle.internal.metaobject.BeanDynamicObject$MetaClassAdapter::lookupProperty (47 bytes)

VM state: not at safepoint (normal execution)

VM Mutex/Monitor currently owned by a thread: None

Heap address: 0x0000000080000000, size: 2048 MB, Compressed Oops mode: 32-bit

CDS archive(s) mapped at: [0x0000015b1d000000-0x0000015b1dbd0000-0x0000015b1dbd0000), size 12386304, SharedBaseAddress: 0x0000015b1d000000, ArchiveRelocationMode: 1.
Compressed class space mapped at: 0x0000015b1e000000-0x0000015b38000000, reserved size: 436207616
Narrow klass base: 0x0000015b1d000000, Narrow klass shift: 0, Narrow klass range: 0x100000000

GC Precious Log:
 CPUs: 8 total, 8 available
 Memory: 7990M
 Large Page Support: Disabled
 NUMA Support: Disabled
 Compressed Oops: Enabled (32-bit)
 Heap Region Size: 1M
 Heap Min Capacity: 8M
 Heap Initial Capacity: 126M
 Heap Max Capacity: 2G
 Pre-touch: Disabled
 Parallel Workers: 8
 Concurrent Workers: 2
 Concurrent Refinement Workers: 8
 Periodic GC: Disabled

Heap:
 garbage-first heap   total 227328K, used 186644K [0x0000000080000000, 0x0000000100000000)
  region size 1024K, 14 young (14336K), 4 survivors (4096K)
 Metaspace       used 98770K, committed 100032K, reserved 557056K
  class space    used 13934K, committed 14464K, reserved 425984K

Heap Regions: E=young(eden), S=young(survivor), O=old, HS=humongous(starts), HC=humongous(continues), CS=collection set, F=free, OA=open archive, CA=closed archive, TAMS=top-at-mark-start (previous, next)
|   0|0x0000000080000000, 0x0000000080100000, 0x0000000080100000|100%|HS|  |TAMS 0x0000000080100000, 0x0000000080000000| Complete 
|   1|0x0000000080100000, 0x0000000080200000, 0x0000000080200000|100%|HC|  |TAMS 0x0000000080200000, 0x0000000080100000| Complete 
|   2|0x0000000080200000, 0x0000000080300000, 0x0000000080300000|100%|HC|  |TAMS 0x0000000080300000, 0x0000000080200000| Complete 
|   3|0x0000000080300000, 0x0000000080400000, 0x0000000080400000|100%|HC|  |TAMS 0x0000000080400000, 0x0000000080300000| Complete 
|   4|0x0000000080400000, 0x0000000080500000, 0x0000000080500000|100%| O|  |TAMS 0x0000000080500000, 0x0000000080400000| Untracked 
|   5|0x0000000080500000, 0x0000000080600000, 0x0000000080600000|100%| O|  |TAMS 0x0000000080600000, 0x0000000080500000| Untracked 
|   6|0x0000000080600000, 0x0000000080700000, 0x0000000080700000|100%| O|  |TAMS 0x0000000080700000, 0x0000000080600000| Untracked 
|   7|0x0000000080700000, 0x0000000080800000, 0x0000000080800000|100%| O|  |TAMS 0x0000000080800000, 0x0000000080700000| Untracked 
|   8|0x0000000080800000, 0x0000000080900000, 0x0000000080900000|100%| O|  |TAMS 0x0000000080900000, 0x0000000080800000| Untracked 
|   9|0x0000000080900000, 0x0000000080a00000, 0x0000000080a00000|100%| O|  |TAMS 0x0000000080a00000, 0x0000000080900000| Untracked 
|  10|0x0000000080a00000, 0x0000000080b00000, 0x0000000080b00000|100%| O|  |TAMS 0x0000000080b00000, 0x0000000080a00000| Untracked 
|  11|0x0000000080b00000, 0x0000000080c00000, 0x0000000080c00000|100%| O|  |TAMS 0x0000000080c00000, 0x0000000080b00000| Untracked 
|  12|0x0000000080c00000, 0x0000000080d00000, 0x0000000080d00000|100%| O|  |TAMS 0x0000000080d00000, 0x0000000080c00000| Untracked 
|  13|0x0000000080d00000, 0x0000000080e00000, 0x0000000080e00000|100%| O|  |TAMS 0x0000000080e00000, 0x0000000080d00000| Untracked 
|  14|0x0000000080e00000, 0x0000000080f00000, 0x0000000080f00000|100%| O|  |TAMS 0x0000000080f00000, 0x0000000080e00000| Untracked 
|  15|0x0000000080f00000, 0x0000000081000000, 0x0000000081000000|100%| O|  |TAMS 0x0000000081000000, 0x0000000080f00000| Untracked 
|  16|0x0000000081000000, 0x0000000081100000, 0x0000000081100000|100%| O|  |TAMS 0x0000000081100000, 0x0000000081000000| Untracked 
|  17|0x0000000081100000, 0x0000000081200000, 0x0000000081200000|100%| O|  |TAMS 0x0000000081200000, 0x0000000081100000| Untracked 
|  18|0x0000000081200000, 0x0000000081300000, 0x0000000081300000|100%| O|  |TAMS 0x0000000081300000, 0x0000000081200000| Untracked 
|  19|0x0000000081300000, 0x0000000081400000, 0x0000000081400000|100%| O|  |TAMS 0x0000000081400000, 0x0000000081300000| Untracked 
|  20|0x0000000081400000, 0x0000000081500000, 0x0000000081500000|100%| O|  |TAMS 0x0000000081500000, 0x0000000081400000| Untracked 
|  21|0x0000000081500000, 0x0000000081600000, 0x0000000081600000|100%| O|  |TAMS 0x0000000081600000, 0x0000000081500000| Untracked 
|  22|0x0000000081600000, 0x0000000081700000, 0x0000000081700000|100%|HS|  |TAMS 0x0000000081700000, 0x0000000081600000| Complete 
|  23|0x0000000081700000, 0x0000000081800000, 0x0000000081800000|100%| O|  |TAMS 0x0000000081800000, 0x0000000081700000| Untracked 
|  24|0x0000000081800000, 0x0000000081900000, 0x0000000081900000|100%| O|  |TAMS 0x0000000081900000, 0x0000000081800000| Untracked 
|  25|0x0000000081900000, 0x0000000081a00000, 0x0000000081a00000|100%| O|  |TAMS 0x0000000081900000, 0x0000000081900000| Untracked 
|  26|0x0000000081a00000, 0x0000000081b00000, 0x0000000081b00000|100%| O|  |TAMS 0x0000000081b00000, 0x0000000081a00000| Untracked 
|  27|0x0000000081b00000, 0x0000000081c00000, 0x0000000081c00000|100%| O|  |TAMS 0x0000000081c00000, 0x0000000081b00000| Untracked 
|  28|0x0000000081c00000, 0x0000000081d00000, 0x0000000081d00000|100%| O|  |TAMS 0x0000000081d00000, 0x0000000081c00000| Untracked 
|  29|0x0000000081d00000, 0x0000000081e00000, 0x0000000081e00000|100%| O|  |TAMS 0x0000000081e00000, 0x0000000081d00000| Untracked 
|  30|0x0000000081e00000, 0x0000000081f00000, 0x0000000081f00000|100%| O|  |TAMS 0x0000000081f00000, 0x0000000081e00000| Untracked 
|  31|0x0000000081f00000, 0x0000000082000000, 0x0000000082000000|100%| O|  |TAMS 0x0000000082000000, 0x0000000081f00000| Untracked 
|  32|0x0000000082000000, 0x0000000082100000, 0x0000000082100000|100%| O|  |TAMS 0x0000000082100000, 0x0000000082000000| Untracked 
|  33|0x0000000082100000, 0x0000000082200000, 0x0000000082200000|100%| O|  |TAMS 0x0000000082200000, 0x0000000082100000| Untracked 
|  34|0x0000000082200000, 0x0000000082300000, 0x0000000082300000|100%| O|  |TAMS 0x0000000082300000, 0x0000000082200000| Untracked 
|  35|0x0000000082300000, 0x0000000082400000, 0x0000000082400000|100%| O|  |TAMS 0x0000000082400000, 0x0000000082300000| Untracked 
|  36|0x0000000082400000, 0x0000000082500000, 0x0000000082500000|100%| O|  |TAMS 0x0000000082500000, 0x0000000082400000| Untracked 
|  37|0x0000000082500000, 0x0000000082600000, 0x0000000082600000|100%| O|  |TAMS 0x0000000082600000, 0x0000000082500000| Untracked 
|  38|0x0000000082600000, 0x0000000082700000, 0x0000000082700000|100%|HS|  |TAMS 0x0000000082700000, 0x0000000082600000| Complete 
|  39|0x0000000082700000, 0x0000000082800000, 0x0000000082800000|100%|HC|  |TAMS 0x0000000082800000, 0x0000000082700000| Complete 
|  40|0x0000000082800000, 0x0000000082900000, 0x0000000082900000|100%|HS|  |TAMS 0x0000000082900000, 0x0000000082800000| Complete 
|  41|0x0000000082900000, 0x0000000082a00000, 0x0000000082a00000|100%|HC|  |TAMS 0x0000000082a00000, 0x0000000082900000| Complete 
|  42|0x0000000082a00000, 0x0000000082b00000, 0x0000000082b00000|100%|HS|  |TAMS 0x0000000082b00000, 0x0000000082a00000| Complete 
|  43|0x0000000082b00000, 0x0000000082c00000, 0x0000000082c00000|100%|HC|  |TAMS 0x0000000082c00000, 0x0000000082b00000| Complete 
|  44|0x0000000082c00000, 0x0000000082d00000, 0x0000000082d00000|100%|HC|  |TAMS 0x0000000082d00000, 0x0000000082c00000| Complete 
|  45|0x0000000082d00000, 0x0000000082e00000, 0x0000000082e00000|100%|HC|  |TAMS 0x0000000082e00000, 0x0000000082d00000| Complete 
|  46|0x0000000082e00000, 0x0000000082f00000, 0x0000000082f00000|100%| O|  |TAMS 0x0000000082f00000, 0x0000000082e00000| Untracked 
|  47|0x0000000082f00000, 0x0000000083000000, 0x0000000083000000|100%| O|  |TAMS 0x0000000083000000, 0x0000000082f00000| Untracked 
|  48|0x0000000083000000, 0x0000000083100000, 0x0000000083100000|100%| O|  |TAMS 0x0000000083100000, 0x0000000083000000| Untracked 
|  49|0x0000000083100000, 0x0000000083200000, 0x0000000083200000|100%| O|  |TAMS 0x0000000083200000, 0x0000000083100000| Untracked 
|  50|0x0000000083200000, 0x0000000083300000, 0x0000000083300000|100%| O|  |TAMS 0x0000000083300000, 0x0000000083200000| Untracked 
|  51|0x0000000083300000, 0x0000000083400000, 0x0000000083400000|100%|HS|  |TAMS 0x0000000083400000, 0x0000000083300000| Complete 
|  52|0x0000000083400000, 0x0000000083500000, 0x0000000083500000|100%|HC|  |TAMS 0x0000000083500000, 0x0000000083400000| Complete 
|  53|0x0000000083500000, 0x0000000083600000, 0x0000000083600000|100%|HC|  |TAMS 0x0000000083600000, 0x0000000083500000| Complete 
|  54|0x0000000083600000, 0x0000000083700000, 0x0000000083700000|100%|HC|  |TAMS 0x0000000083700000, 0x0000000083600000| Complete 
|  55|0x0000000083700000, 0x0000000083800000, 0x0000000083800000|100%| O|  |TAMS 0x0000000083800000, 0x0000000083700000| Untracked 
|  56|0x0000000083800000, 0x0000000083900000, 0x0000000083900000|100%| O|  |TAMS 0x0000000083900000, 0x0000000083800000| Untracked 
|  57|0x0000000083900000, 0x0000000083a00000, 0x0000000083a00000|100%| O|  |TAMS 0x0000000083a00000, 0x0000000083900000| Untracked 
|  58|0x0000000083a00000, 0x0000000083b00000, 0x0000000083b00000|100%| O|  |TAMS 0x0000000083b00000, 0x0000000083a00000| Untracked 
|  59|0x0000000083b00000, 0x0000000083c00000, 0x0000000083c00000|100%| O|  |TAMS 0x0000000083c00000, 0x0000000083b00000| Untracked 
|  60|0x0000000083c00000, 0x0000000083d00000, 0x0000000083d00000|100%| O|  |TAMS 0x0000000083d00000, 0x0000000083c00000| Untracked 
|  61|0x0000000083d00000, 0x0000000083e00000, 0x0000000083e00000|100%| O|  |TAMS 0x0000000083e00000, 0x0000000083d00000| Untracked 
|  62|0x0000000083e00000, 0x0000000083f00000, 0x0000000083f00000|100%| O|  |TAMS 0x0000000083f00000, 0x0000000083e00000| Untracked 
|  63|0x0000000083f00000, 0x0000000084000000, 0x0000000084000000|100%| O|  |TAMS 0x0000000084000000, 0x0000000083f00000| Untracked 
|  64|0x0000000084000000, 0x0000000084100000, 0x0000000084100000|100%| O|  |TAMS 0x0000000084100000, 0x0000000084000000| Untracked 
|  65|0x0000000084100000, 0x0000000084200000, 0x0000000084200000|100%| O|  |TAMS 0x0000000084200000, 0x0000000084100000| Untracked 
|  66|0x0000000084200000, 0x0000000084300000, 0x0000000084300000|100%|HS|  |TAMS 0x0000000084300000, 0x0000000084200000| Complete 
|  67|0x0000000084300000, 0x0000000084400000, 0x0000000084400000|100%|HS|  |TAMS 0x0000000084400000, 0x0000000084300000| Complete 
|  68|0x0000000084400000, 0x0000000084500000, 0x0000000084500000|100%| O|  |TAMS 0x0000000084500000, 0x0000000084400000| Untracked 
|  69|0x0000000084500000, 0x0000000084600000, 0x0000000084600000|100%|HS|  |TAMS 0x0000000084600000, 0x0000000084500000| Complete 
|  70|0x0000000084600000, 0x0000000084700000, 0x0000000084700000|100%| O|  |TAMS 0x0000000084700000, 0x0000000084600000| Untracked 
|  71|0x0000000084700000, 0x0000000084800000, 0x0000000084800000|100%| O|  |TAMS 0x0000000084800000, 0x0000000084700000| Untracked 
|  72|0x0000000084800000, 0x0000000084900000, 0x0000000084900000|100%|HS|  |TAMS 0x0000000084900000, 0x0000000084800000| Complete 
|  73|0x0000000084900000, 0x0000000084a00000, 0x0000000084a00000|100%| O|  |TAMS 0x0000000084a00000, 0x0000000084900000| Untracked 
|  74|0x0000000084a00000, 0x0000000084b00000, 0x0000000084b00000|100%| O|  |TAMS 0x0000000084b00000, 0x0000000084a00000| Untracked 
|  75|0x0000000084b00000, 0x0000000084c00000, 0x0000000084c00000|100%| O|  |TAMS 0x0000000084c00000, 0x0000000084b00000| Untracked 
|  76|0x0000000084c00000, 0x0000000084d00000, 0x0000000084d00000|100%| O|  |TAMS 0x0000000084d00000, 0x0000000084c00000| Untracked 
|  77|0x0000000084d00000, 0x0000000084e00000, 0x0000000084e00000|100%| O|  |TAMS 0x0000000084e00000, 0x0000000084d00000| Untracked 
|  78|0x0000000084e00000, 0x0000000084f00000, 0x0000000084f00000|100%| O|  |TAMS 0x0000000084f00000, 0x0000000084e00000| Untracked 
|  79|0x0000000084f00000, 0x0000000085000000, 0x0000000085000000|100%| O|  |TAMS 0x0000000085000000, 0x0000000084f00000| Untracked 
|  80|0x0000000085000000, 0x0000000085100000, 0x0000000085100000|100%| O|  |TAMS 0x0000000085100000, 0x0000000085000000| Untracked 
|  81|0x0000000085100000, 0x0000000085200000, 0x0000000085200000|100%| O|  |TAMS 0x0000000085200000, 0x0000000085100000| Untracked 
|  82|0x0000000085200000, 0x0000000085300000, 0x0000000085300000|100%| O|  |TAMS 0x0000000085300000, 0x0000000085200000| Untracked 
|  83|0x0000000085300000, 0x0000000085400000, 0x0000000085400000|100%| O|  |TAMS 0x0000000085400000, 0x0000000085300000| Untracked 
|  84|0x0000000085400000, 0x0000000085500000, 0x0000000085500000|100%| O|  |TAMS 0x0000000085500000, 0x0000000085400000| Untracked 
|  85|0x0000000085500000, 0x0000000085600000, 0x0000000085600000|100%| O|  |TAMS 0x0000000085600000, 0x0000000085500000| Untracked 
|  86|0x0000000085600000, 0x0000000085700000, 0x0000000085700000|100%| O|  |TAMS 0x0000000085700000, 0x0000000085600000| Untracked 
|  87|0x0000000085700000, 0x0000000085800000, 0x0000000085800000|100%| O|  |TAMS 0x0000000085800000, 0x0000000085700000| Untracked 
|  88|0x0000000085800000, 0x0000000085900000, 0x0000000085900000|100%| O|  |TAMS 0x0000000085900000, 0x0000000085800000| Untracked 
|  89|0x0000000085900000, 0x0000000085a00000, 0x0000000085a00000|100%| O|  |TAMS 0x0000000085a00000, 0x0000000085900000| Untracked 
|  90|0x0000000085a00000, 0x0000000085b00000, 0x0000000085b00000|100%| O|  |TAMS 0x0000000085b00000, 0x0000000085a00000| Untracked 
|  91|0x0000000085b00000, 0x0000000085c00000, 0x0000000085c00000|100%| O|  |TAMS 0x0000000085c00000, 0x0000000085b00000| Untracked 
|  92|0x0000000085c00000, 0x0000000085d00000, 0x0000000085d00000|100%|HS|  |TAMS 0x0000000085d00000, 0x0000000085c00000| Complete 
|  93|0x0000000085d00000, 0x0000000085e00000, 0x0000000085e00000|100%|HC|  |TAMS 0x0000000085e00000, 0x0000000085d00000| Complete 
|  94|0x0000000085e00000, 0x0000000085f00000, 0x0000000085f00000|100%| O|  |TAMS 0x0000000085f00000, 0x0000000085e00000| Untracked 
|  95|0x0000000085f00000, 0x0000000086000000, 0x0000000086000000|100%| O|  |TAMS 0x0000000086000000, 0x0000000085f00000| Untracked 
|  96|0x0000000086000000, 0x0000000086100000, 0x0000000086100000|100%| O|  |TAMS 0x0000000086100000, 0x0000000086000000| Untracked 
|  97|0x0000000086100000, 0x0000000086200000, 0x0000000086200000|100%| O|  |TAMS 0x0000000086200000, 0x0000000086100000| Untracked 
|  98|0x0000000086200000, 0x0000000086300000, 0x0000000086300000|100%| O|  |TAMS 0x0000000086300000, 0x0000000086200000| Untracked 
|  99|0x0000000086300000, 0x0000000086400000, 0x0000000086400000|100%| O|  |TAMS 0x0000000086400000, 0x0000000086300000| Untracked 
| 100|0x0000000086400000, 0x0000000086500000, 0x0000000086500000|100%|HS|  |TAMS 0x0000000086500000, 0x0000000086400000| Complete 
| 101|0x0000000086500000, 0x0000000086600000, 0x0000000086600000|100%|HC|  |TAMS 0x0000000086600000, 0x0000000086500000| Complete 
| 102|0x0000000086600000, 0x0000000086700000, 0x0000000086700000|100%| O|  |TAMS 0x0000000086700000, 0x0000000086600000| Untracked 
| 103|0x0000000086700000, 0x0000000086800000, 0x0000000086800000|100%| O|  |TAMS 0x0000000086800000, 0x0000000086700000| Untracked 
| 104|0x0000000086800000, 0x0000000086900000, 0x0000000086900000|100%| O|  |TAMS 0x0000000086900000, 0x0000000086800000| Untracked 
| 105|0x0000000086900000, 0x0000000086a00000, 0x0000000086a00000|100%| O|  |TAMS 0x0000000086a00000, 0x0000000086900000| Untracked 
| 106|0x0000000086a00000, 0x0000000086b00000, 0x0000000086b00000|100%| O|  |TAMS 0x0000000086b00000, 0x0000000086a00000| Untracked 
| 107|0x0000000086b00000, 0x0000000086c00000, 0x0000000086c00000|100%| O|  |TAMS 0x0000000086c00000, 0x0000000086b00000| Untracked 
| 108|0x0000000086c00000, 0x0000000086d00000, 0x0000000086d00000|100%| O|  |TAMS 0x0000000086d00000, 0x0000000086c00000| Untracked 
| 109|0x0000000086d00000, 0x0000000086e00000, 0x0000000086e00000|100%| O|  |TAMS 0x0000000086e00000, 0x0000000086d00000| Untracked 
| 110|0x0000000086e00000, 0x0000000086f00000, 0x0000000086f00000|100%| O|  |TAMS 0x0000000086f00000, 0x0000000086e00000| Untracked 
| 111|0x0000000086f00000, 0x0000000087000000, 0x0000000087000000|100%| O|  |TAMS 0x0000000087000000, 0x0000000086f00000| Untracked 
| 112|0x0000000087000000, 0x0000000087100000, 0x0000000087100000|100%| O|  |TAMS 0x0000000087100000, 0x0000000087000000| Untracked 
| 113|0x0000000087100000, 0x0000000087200000, 0x0000000087200000|100%| O|  |TAMS 0x0000000087200000, 0x0000000087100000| Untracked 
| 114|0x0000000087200000, 0x0000000087300000, 0x0000000087300000|100%| O|  |TAMS 0x0000000087300000, 0x0000000087200000| Untracked 
| 115|0x0000000087300000, 0x0000000087400000, 0x0000000087400000|100%| O|  |TAMS 0x0000000087400000, 0x0000000087300000| Untracked 
| 116|0x0000000087400000, 0x0000000087500000, 0x0000000087500000|100%| O|  |TAMS 0x00000000874cd600, 0x0000000087400000| Untracked 
| 117|0x0000000087500000, 0x0000000087600000, 0x0000000087600000|100%|HS|  |TAMS 0x0000000087600000, 0x0000000087500000| Complete 
| 118|0x0000000087600000, 0x0000000087700000, 0x0000000087700000|100%|HS|  |TAMS 0x0000000087700000, 0x0000000087600000| Complete 
| 119|0x0000000087700000, 0x0000000087800000, 0x0000000087800000|100%|HC|  |TAMS 0x0000000087800000, 0x0000000087700000| Complete 
| 120|0x0000000087800000, 0x0000000087900000, 0x0000000087900000|100%| O|  |TAMS 0x0000000087800000, 0x0000000087800000| Untracked 
| 121|0x0000000087900000, 0x0000000087a00000, 0x0000000087a00000|100%| O|  |TAMS 0x0000000087900000, 0x0000000087900000| Untracked 
| 122|0x0000000087a00000, 0x0000000087b00000, 0x0000000087b00000|100%| O|  |TAMS 0x0000000087a00000, 0x0000000087a00000| Untracked 
| 123|0x0000000087b00000, 0x0000000087c00000, 0x0000000087c00000|100%| O|  |TAMS 0x0000000087b00000, 0x0000000087b00000| Untracked 
| 124|0x0000000087c00000, 0x0000000087d00000, 0x0000000087d00000|100%|HS|  |TAMS 0x0000000087c00000, 0x0000000087c00000| Complete 
| 125|0x0000000087d00000, 0x0000000087e00000, 0x0000000087e00000|100%|HS|  |TAMS 0x0000000087d00000, 0x0000000087d00000| Complete 
| 126|0x0000000087e00000, 0x0000000087f00000, 0x0000000087f00000|100%| O|  |TAMS 0x0000000087e00000, 0x0000000087e00000| Untracked 
| 127|0x0000000087f00000, 0x0000000088000000, 0x0000000088000000|100%| O|  |TAMS 0x0000000087f00000, 0x0000000087f00000| Untracked 
| 128|0x0000000088000000, 0x0000000088100000, 0x0000000088100000|100%| O|  |TAMS 0x0000000088000000, 0x0000000088000000| Untracked 
| 129|0x0000000088100000, 0x0000000088200000, 0x0000000088200000|100%| O|  |TAMS 0x0000000088100000, 0x0000000088100000| Untracked 
| 130|0x0000000088200000, 0x0000000088300000, 0x0000000088300000|100%| O|  |TAMS 0x0000000088200000, 0x0000000088200000| Untracked 
| 131|0x0000000088300000, 0x0000000088400000, 0x0000000088400000|100%| O|  |TAMS 0x0000000088300000, 0x0000000088300000| Untracked 
| 132|0x0000000088400000, 0x0000000088500000, 0x0000000088500000|100%| O|  |TAMS 0x0000000088400000, 0x0000000088400000| Untracked 
| 133|0x0000000088500000, 0x0000000088600000, 0x0000000088600000|100%| O|  |TAMS 0x0000000088500000, 0x0000000088500000| Untracked 
| 134|0x0000000088600000, 0x0000000088700000, 0x0000000088700000|100%| O|  |TAMS 0x0000000088600000, 0x0000000088600000| Untracked 
| 135|0x0000000088700000, 0x0000000088800000, 0x0000000088800000|100%| O|  |TAMS 0x0000000088700000, 0x0000000088700000| Untracked 
| 136|0x0000000088800000, 0x0000000088900000, 0x0000000088900000|100%| O|  |TAMS 0x0000000088800000, 0x0000000088800000| Untracked 
| 137|0x0000000088900000, 0x0000000088a00000, 0x0000000088a00000|100%| O|  |TAMS 0x0000000088900000, 0x0000000088900000| Untracked 
| 138|0x0000000088a00000, 0x0000000088b00000, 0x0000000088b00000|100%| O|  |TAMS 0x0000000088a00000, 0x0000000088a00000| Untracked 
| 139|0x0000000088b00000, 0x0000000088c00000, 0x0000000088c00000|100%| O|  |TAMS 0x0000000088b00000, 0x0000000088b00000| Untracked 
| 140|0x0000000088c00000, 0x0000000088d00000, 0x0000000088d00000|100%| O|  |TAMS 0x0000000088c00000, 0x0000000088c00000| Untracked 
| 141|0x0000000088d00000, 0x0000000088e00000, 0x0000000088e00000|100%| O|  |TAMS 0x0000000088d00000, 0x0000000088d00000| Untracked 
| 142|0x0000000088e00000, 0x0000000088f00000, 0x0000000088f00000|100%| O|  |TAMS 0x0000000088e00000, 0x0000000088e00000| Untracked 
| 143|0x0000000088f00000, 0x0000000089000000, 0x0000000089000000|100%| O|  |TAMS 0x0000000088f00000, 0x0000000088f00000| Untracked 
| 144|0x0000000089000000, 0x0000000089100000, 0x0000000089100000|100%| O|  |TAMS 0x0000000089000000, 0x0000000089000000| Untracked 
| 145|0x0000000089100000, 0x0000000089200000, 0x0000000089200000|100%| O|  |TAMS 0x0000000089100000, 0x0000000089100000| Untracked 
| 146|0x0000000089200000, 0x0000000089300000, 0x0000000089300000|100%| O|  |TAMS 0x0000000089200000, 0x0000000089200000| Untracked 
| 147|0x0000000089300000, 0x0000000089400000, 0x0000000089400000|100%| O|  |TAMS 0x0000000089300000, 0x0000000089300000| Untracked 
| 148|0x0000000089400000, 0x0000000089500000, 0x0000000089500000|100%| O|  |TAMS 0x0000000089400000, 0x0000000089400000| Untracked 
| 149|0x0000000089500000, 0x0000000089600000, 0x0000000089600000|100%| O|  |TAMS 0x0000000089500000, 0x0000000089500000| Untracked 
| 150|0x0000000089600000, 0x0000000089700000, 0x0000000089700000|100%| O|  |TAMS 0x0000000089600000, 0x0000000089600000| Untracked 
| 151|0x0000000089700000, 0x0000000089800000, 0x0000000089800000|100%| O|  |TAMS 0x0000000089700000, 0x0000000089700000| Untracked 
| 152|0x0000000089800000, 0x0000000089900000, 0x0000000089900000|100%| O|  |TAMS 0x0000000089800000, 0x0000000089800000| Untracked 
| 153|0x0000000089900000, 0x0000000089a00000, 0x0000000089a00000|100%| O|  |TAMS 0x0000000089900000, 0x0000000089900000| Untracked 
| 154|0x0000000089a00000, 0x0000000089b00000, 0x0000000089b00000|100%| O|  |TAMS 0x0000000089a00000, 0x0000000089a00000| Untracked 
| 155|0x0000000089b00000, 0x0000000089c00000, 0x0000000089c00000|100%| O|  |TAMS 0x0000000089b00000, 0x0000000089b00000| Untracked 
| 156|0x0000000089c00000, 0x0000000089d00000, 0x0000000089d00000|100%| O|  |TAMS 0x0000000089c00000, 0x0000000089c00000| Untracked 
| 157|0x0000000089d00000, 0x0000000089e00000, 0x0000000089e00000|100%| O|  |TAMS 0x0000000089d00000, 0x0000000089d00000| Untracked 
| 158|0x0000000089e00000, 0x0000000089f00000, 0x0000000089f00000|100%| O|  |TAMS 0x0000000089e00000, 0x0000000089e00000| Untracked 
| 159|0x0000000089f00000, 0x000000008a000000, 0x000000008a000000|100%| O|  |TAMS 0x0000000089f00000, 0x0000000089f00000| Untracked 
| 160|0x000000008a000000, 0x000000008a100000, 0x000000008a100000|100%| O|  |TAMS 0x000000008a000000, 0x000000008a000000| Untracked 
| 161|0x000000008a100000, 0x000000008a200000, 0x000000008a200000|100%| O|  |TAMS 0x000000008a100000, 0x000000008a100000| Untracked 
| 162|0x000000008a200000, 0x000000008a300000, 0x000000008a300000|100%| O|  |TAMS 0x000000008a200000, 0x000000008a200000| Untracked 
| 163|0x000000008a300000, 0x000000008a400000, 0x000000008a400000|100%| O|  |TAMS 0x000000008a300000, 0x000000008a300000| Untracked 
| 164|0x000000008a400000, 0x000000008a500000, 0x000000008a500000|100%| O|  |TAMS 0x000000008a400000, 0x000000008a400000| Untracked 
| 165|0x000000008a500000, 0x000000008a600000, 0x000000008a600000|100%|HS|  |TAMS 0x000000008a500000, 0x000000008a500000| Complete 
| 166|0x000000008a600000, 0x000000008a700000, 0x000000008a700000|100%| O|  |TAMS 0x000000008a600000, 0x000000008a600000| Untracked 
| 167|0x000000008a700000, 0x000000008a800000, 0x000000008a800000|100%| O|  |TAMS 0x000000008a700000, 0x000000008a700000| Untracked 
| 168|0x000000008a800000, 0x000000008a900000, 0x000000008a900000|100%| O|  |TAMS 0x000000008a800000, 0x000000008a800000| Untracked 
| 169|0x000000008a900000, 0x000000008a945200, 0x000000008aa00000| 27%| O|  |TAMS 0x000000008a900000, 0x000000008a900000| Untracked 
| 170|0x000000008aa00000, 0x000000008aa00000, 0x000000008ab00000|  0%| F|  |TAMS 0x000000008aa00000, 0x000000008aa00000| Untracked 
| 171|0x000000008ab00000, 0x000000008ab00000, 0x000000008ac00000|  0%| F|  |TAMS 0x000000008ab00000, 0x000000008ab00000| Untracked 
| 172|0x000000008ac00000, 0x000000008ac00000, 0x000000008ad00000|  0%| F|  |TAMS 0x000000008ac00000, 0x000000008ac00000| Untracked 
| 173|0x000000008ad00000, 0x000000008ad00000, 0x000000008ae00000|  0%| F|  |TAMS 0x000000008ad00000, 0x000000008ad00000| Untracked 
| 174|0x000000008ae00000, 0x000000008ae00000, 0x000000008af00000|  0%| F|  |TAMS 0x000000008ae00000, 0x000000008ae00000| Untracked 
| 175|0x000000008af00000, 0x000000008af00000, 0x000000008b000000|  0%| F|  |TAMS 0x000000008af00000, 0x000000008af00000| Untracked 
| 176|0x000000008b000000, 0x000000008b000000, 0x000000008b100000|  0%| F|  |TAMS 0x000000008b000000, 0x000000008b000000| Untracked 
| 177|0x000000008b100000, 0x000000008b100000, 0x000000008b200000|  0%| F|  |TAMS 0x000000008b100000, 0x000000008b100000| Untracked 
| 178|0x000000008b200000, 0x000000008b200000, 0x000000008b300000|  0%| F|  |TAMS 0x000000008b200000, 0x000000008b200000| Untracked 
| 179|0x000000008b300000, 0x000000008b300000, 0x000000008b400000|  0%| F|  |TAMS 0x000000008b300000, 0x000000008b300000| Untracked 
| 180|0x000000008b400000, 0x000000008b400000, 0x000000008b500000|  0%| F|  |TAMS 0x000000008b400000, 0x000000008b400000| Untracked 
| 181|0x000000008b500000, 0x000000008b500000, 0x000000008b600000|  0%| F|  |TAMS 0x000000008b500000, 0x000000008b500000| Untracked 
| 182|0x000000008b600000, 0x000000008b600000, 0x000000008b700000|  0%| F|  |TAMS 0x000000008b600000, 0x000000008b600000| Untracked 
| 183|0x000000008b700000, 0x000000008b700000, 0x000000008b800000|  0%| F|  |TAMS 0x000000008b700000, 0x000000008b700000| Untracked 
| 184|0x000000008b800000, 0x000000008b800000, 0x000000008b900000|  0%| F|  |TAMS 0x000000008b800000, 0x000000008b800000| Untracked 
| 185|0x000000008b900000, 0x000000008b900000, 0x000000008ba00000|  0%| F|  |TAMS 0x000000008b900000, 0x000000008b900000| Untracked 
| 186|0x000000008ba00000, 0x000000008ba00000, 0x000000008bb00000|  0%| F|  |TAMS 0x000000008ba00000, 0x000000008ba00000| Untracked 
| 187|0x000000008bb00000, 0x000000008bb00000, 0x000000008bc00000|  0%| F|  |TAMS 0x000000008bb00000, 0x000000008bb00000| Untracked 
| 188|0x000000008bc00000, 0x000000008bc00000, 0x000000008bd00000|  0%| F|  |TAMS 0x000000008bc00000, 0x000000008bc00000| Untracked 
| 189|0x000000008bd00000, 0x000000008bd00000, 0x000000008be00000|  0%| F|  |TAMS 0x000000008bd00000, 0x000000008bd00000| Untracked 
| 190|0x000000008be00000, 0x000000008be00000, 0x000000008bf00000|  0%| F|  |TAMS 0x000000008be00000, 0x000000008be00000| Untracked 
| 191|0x000000008bf00000, 0x000000008bf00000, 0x000000008c000000|  0%| F|  |TAMS 0x000000008bf00000, 0x000000008bf00000| Untracked 
| 192|0x000000008c000000, 0x000000008c000000, 0x000000008c100000|  0%| F|  |TAMS 0x000000008c000000, 0x000000008c000000| Untracked 
| 193|0x000000008c100000, 0x000000008c100000, 0x000000008c200000|  0%| F|  |TAMS 0x000000008c100000, 0x000000008c100000| Untracked 
| 194|0x000000008c200000, 0x000000008c300000, 0x000000008c300000|100%| S|CS|TAMS 0x000000008c200000, 0x000000008c200000| Complete 
| 195|0x000000008c300000, 0x000000008c400000, 0x000000008c400000|100%| S|CS|TAMS 0x000000008c300000, 0x000000008c300000| Complete 
| 196|0x000000008c400000, 0x000000008c400000, 0x000000008c500000|  0%| F|  |TAMS 0x000000008c400000, 0x000000008c400000| Untracked 
| 197|0x000000008c500000, 0x000000008c500000, 0x000000008c600000|  0%| F|  |TAMS 0x000000008c500000, 0x000000008c500000| Untracked 
| 198|0x000000008c600000, 0x000000008c700000, 0x000000008c700000|100%| S|CS|TAMS 0x000000008c600000, 0x000000008c600000| Complete 
| 199|0x000000008c700000, 0x000000008c800000, 0x000000008c800000|100%| S|CS|TAMS 0x000000008c700000, 0x000000008c700000| Complete 
| 200|0x000000008c800000, 0x000000008c800000, 0x000000008c900000|  0%| F|  |TAMS 0x000000008c800000, 0x000000008c800000| Untracked 
| 201|0x000000008c900000, 0x000000008c900000, 0x000000008ca00000|  0%| F|  |TAMS 0x000000008c900000, 0x000000008c900000| Untracked 
| 202|0x000000008ca00000, 0x000000008ca00000, 0x000000008cb00000|  0%| F|  |TAMS 0x000000008ca00000, 0x000000008ca00000| Untracked 
| 203|0x000000008cb00000, 0x000000008cb00000, 0x000000008cc00000|  0%| F|  |TAMS 0x000000008cb00000, 0x000000008cb00000| Untracked 
| 204|0x000000008cc00000, 0x000000008cc00000, 0x000000008cd00000|  0%| F|  |TAMS 0x000000008cc00000, 0x000000008cc00000| Untracked 
| 205|0x000000008cd00000, 0x000000008cd00000, 0x000000008ce00000|  0%| F|  |TAMS 0x000000008cd00000, 0x000000008cd00000| Untracked 
| 206|0x000000008ce00000, 0x000000008ce00000, 0x000000008cf00000|  0%| F|  |TAMS 0x000000008ce00000, 0x000000008ce00000| Untracked 
| 207|0x000000008cf00000, 0x000000008cf00000, 0x000000008d000000|  0%| F|  |TAMS 0x000000008cf00000, 0x000000008cf00000| Untracked 
| 208|0x000000008d000000, 0x000000008d000000, 0x000000008d100000|  0%| F|  |TAMS 0x000000008d000000, 0x000000008d000000| Untracked 
| 209|0x000000008d100000, 0x000000008d100000, 0x000000008d200000|  0%| F|  |TAMS 0x000000008d100000, 0x000000008d100000| Untracked 
| 210|0x000000008d200000, 0x000000008d20f238, 0x000000008d300000|  5%| E|  |TAMS 0x000000008d200000, 0x000000008d200000| Complete 
| 211|0x000000008d300000, 0x000000008d400000, 0x000000008d400000|100%| E|CS|TAMS 0x000000008d300000, 0x000000008d300000| Complete 
| 212|0x000000008d400000, 0x000000008d500000, 0x000000008d500000|100%| E|CS|TAMS 0x000000008d400000, 0x000000008d400000| Complete 
| 213|0x000000008d500000, 0x000000008d600000, 0x000000008d600000|100%| E|CS|TAMS 0x000000008d500000, 0x000000008d500000| Complete 
| 214|0x000000008d600000, 0x000000008d700000, 0x000000008d700000|100%| E|CS|TAMS 0x000000008d600000, 0x000000008d600000| Complete 
| 215|0x000000008d700000, 0x000000008d800000, 0x000000008d800000|100%| E|CS|TAMS 0x000000008d700000, 0x000000008d700000| Complete 
| 216|0x000000008d800000, 0x000000008d900000, 0x000000008d900000|100%| E|CS|TAMS 0x000000008d800000, 0x000000008d800000| Complete 
| 217|0x000000008d900000, 0x000000008da00000, 0x000000008da00000|100%| E|CS|TAMS 0x000000008d900000, 0x000000008d900000| Complete 
| 218|0x000000008da00000, 0x000000008db00000, 0x000000008db00000|100%| E|CS|TAMS 0x000000008da00000, 0x000000008da00000| Complete 
| 219|0x000000008db00000, 0x000000008dc00000, 0x000000008dc00000|100%| E|CS|TAMS 0x000000008db00000, 0x000000008db00000| Complete 
| 220|0x000000008dc00000, 0x000000008dd00000, 0x000000008dd00000|100%| E|CS|TAMS 0x000000008dc00000, 0x000000008dc00000| Complete 
| 221|0x000000008dd00000, 0x000000008de00000, 0x000000008de00000|100%| E|CS|TAMS 0x000000008dd00000, 0x000000008dd00000| Complete 

Card table byte_map: [0x0000015b7e140000,0x0000015b7e540000] _byte_map_base: 0x0000015b7dd40000

Marking Bits (Prev, Next): (CMBitMap*) 0x0000015b7d9b4c60, (CMBitMap*) 0x0000015b7d9b4c20
 Prev Bits: [0x0000015b18a40000, 0x0000015b1aa40000)
 Next Bits: [0x0000015b16a40000, 0x0000015b18a40000)

Polling page: 0x0000015b7b8c0000

Metaspace:

Usage:
  Non-class:     82.85 MB used.
      Class:     13.61 MB used.
       Both:     96.46 MB used.

Virtual space:
  Non-class space:      128.00 MB reserved,      83.56 MB ( 65%) committed,  2 nodes.
      Class space:      416.00 MB reserved,      14.12 MB (  3%) committed,  1 nodes.
             Both:      544.00 MB reserved,      97.69 MB ( 18%) committed. 

Chunk freelists:
   Non-Class:  12.22 MB
       Class:  1.81 MB
        Both:  14.03 MB

MaxMetaspaceSize: 512.00 MB
CompressedClassSpaceSize: 416.00 MB
Initial GC threshold: 21.00 MB
Current GC threshold: 149.38 MB
CDS: on
MetaspaceReclaimPolicy: balanced
 - commit_granule_bytes: 65536.
 - commit_granule_words: 8192.
 - virtual_space_node_default_size: 8388608.
 - enlarge_chunks_in_place: 1.
 - new_chunks_are_fully_committed: 0.
 - uncommit_free_chunks: 1.
 - use_allocation_guard: 0.
 - handle_deallocations: 1.


Internal statistics:

num_allocs_failed_limit: 6.
num_arena_births: 1446.
num_arena_deaths: 0.
num_vsnodes_births: 3.
num_vsnodes_deaths: 0.
num_space_committed: 1563.
num_space_uncommitted: 0.
num_chunks_returned_to_freelist: 6.
num_chunks_taken_from_freelist: 5951.
num_chunk_merges: 3.
num_chunk_splits: 3792.
num_chunks_enlarged: 2367.
num_inconsistent_stats: 0.

CodeHeap 'non-profiled nmethods': size=120000Kb used=8297Kb max_used=8297Kb free=111702Kb
 bounds [0x0000015b0f510000, 0x0000015b0fd30000, 0x0000015b16a40000]
CodeHeap 'profiled nmethods': size=120000Kb used=23434Kb max_used=24923Kb free=96566Kb
 bounds [0x0000015b07a40000, 0x0000015b092a0000, 0x0000015b0ef70000]
CodeHeap 'non-nmethods': size=5760Kb used=2418Kb max_used=2504Kb free=3341Kb
 bounds [0x0000015b0ef70000, 0x0000015b0f1f0000, 0x0000015b0f510000]
 total_blobs=12741 nmethods=11785 adapters=868
 compilation: enabled
              stopped_count=0, restarted_count=0
 full_count=0

Compilation events (20 events):
Event: 129.784 Thread 0x0000015b7f377880 nmethod 13939 0x0000015b083d3290 code [0x0000015b083d3440, 0x0000015b083d3608]
Event: 129.790 Thread 0x0000015b7f377880 13940       3       org.gradle.internal.component.model.DelegatingDependencyMetadata::isConstraint (10 bytes)
Event: 129.790 Thread 0x0000015b7f377880 nmethod 13940 0x0000015b083d7d10 code [0x0000015b083d7ec0, 0x0000015b083d8088]
Event: 129.791 Thread 0x0000015b7f377880 13941       3       org.gradle.internal.component.model.DelegatingDependencyMetadata::isEndorsingStrictVersions (10 bytes)
Event: 129.791 Thread 0x0000015b7f377880 nmethod 13941 0x0000015b086bc610 code [0x0000015b086bc7c0, 0x0000015b086bc988]
Event: 129.794 Thread 0x0000015b7f377880 13942       1       org.gradle.api.internal.artifacts.ivyservice.resolveengine.graph.conflicts.DefaultConflictResolverDetails::getCandidates (5 bytes)
Event: 129.794 Thread 0x0000015b7f377880 nmethod 13942 0x0000015b0fa43210 code [0x0000015b0fa433a0, 0x0000015b0fa43478]
Event: 129.794 Thread 0x0000015b7f377880 13943       1       org.gradle.api.internal.artifacts.ivyservice.resolveengine.graph.conflicts.DefaultConflictResolverDetails::select (6 bytes)
Event: 129.794 Thread 0x0000015b7f377880 nmethod 13943 0x0000015b0fa42f10 code [0x0000015b0fa430a0, 0x0000015b0fa431b8]
Event: 129.794 Thread 0x0000015b7f377880 13944       1       org.gradle.api.internal.artifacts.ivyservice.resolveengine.graph.conflicts.CompositeConflictResolver$CompositeDetails::access$100 (5 bytes)
Event: 129.795 Thread 0x0000015b7f377880 nmethod 13944 0x0000015b0fa42a90 code [0x0000015b0fa42c20, 0x0000015b0fa42cd8]
Event: 129.795 Thread 0x0000015b7f377880 13945       1       org.gradle.api.internal.artifacts.ivyservice.resolveengine.graph.conflicts.DefaultConflictResolverDetails::getSelected (5 bytes)
Event: 129.795 Thread 0x0000015b7f377880 nmethod 13945 0x0000015b0f87d590 code [0x0000015b0f87d720, 0x0000015b0f87d7f8]
Event: 129.795 Thread 0x0000015b7f377880 13946       3       org.gradle.internal.component.external.model.AbstractVariantBackedConfigurationMetadata::getName (10 bytes)
Event: 129.795 Thread 0x0000015b7f377880 nmethod 13946 0x0000015b08ae9210 code [0x0000015b08ae93c0, 0x0000015b08ae9588]
Event: 129.796 Thread 0x0000015b7f377880 13948       1       org.gradle.api.internal.artifacts.ivyservice.resolveengine.excludes.factories.CachingExcludeFactory$ExcludesKey::hashCode (5 bytes)
Event: 129.797 Thread 0x0000015b7f377880 nmethod 13948 0x0000015b0f87d290 code [0x0000015b0f87d420, 0x0000015b0f87d4f8]
Event: 129.806 Thread 0x0000015b7f377880 13949       3       org.gradle.api.internal.artifacts.ivyservice.resolveengine.graph.builder.ModuleSelectors::access$200 (5 bytes)
Event: 129.807 Thread 0x0000015b7f377880 nmethod 13949 0x0000015b089d2110 code [0x0000015b089d22c0, 0x0000015b089d25d8]
Event: 129.807 Thread 0x0000015b7f377880 13954       3       org.gradle.api.internal.artifacts.ivyservice.resolveengine.graph.selectors.SelectorStateResolverResults::alreadyHaveResolutionForSelector (95 bytes)

GC Heap History (20 events):
Event: 115.971 GC heap before
{Heap before GC invocations=77 (full 0):
 garbage-first heap   total 227328K, used 145408K [0x0000000080000000, 0x0000000100000000)
  region size 1024K, 11 young (11264K), 4 survivors (4096K)
 Metaspace       used 91083K, committed 92224K, reserved 557056K
  class space    used 12893K, committed 13440K, reserved 425984K
}
Event: 115.976 GC heap after
{Heap after GC invocations=78 (full 0):
 garbage-first heap   total 227328K, used 139999K [0x0000000080000000, 0x0000000100000000)
  region size 1024K, 2 young (2048K), 2 survivors (2048K)
 Metaspace       used 91083K, committed 92224K, reserved 557056K
  class space    used 12893K, committed 13440K, reserved 425984K
}
Event: 117.309 GC heap before
{Heap before GC invocations=78 (full 0):
 garbage-first heap   total 227328K, used 177887K [0x0000000080000000, 0x0000000100000000)
  region size 1024K, 39 young (39936K), 2 survivors (2048K)
 Metaspace       used 92492K, committed 93696K, reserved 557056K
  class space    used 13100K, committed 13632K, reserved 425984K
}
Event: 117.316 GC heap after
{Heap after GC invocations=79 (full 0):
 garbage-first heap   total 227328K, used 144384K [0x0000000080000000, 0x0000000100000000)
  region size 1024K, 5 young (5120K), 5 survivors (5120K)
 Metaspace       used 92492K, committed 93696K, reserved 557056K
  class space    used 13100K, committed 13632K, reserved 425984K
}
Event: 118.901 GC heap before
{Heap before GC invocations=79 (full 0):
 garbage-first heap   total 227328K, used 181248K [0x0000000080000000, 0x0000000100000000)
  region size 1024K, 41 young (41984K), 5 survivors (5120K)
 Metaspace       used 94472K, committed 95680K, reserved 557056K
  class space    used 13378K, committed 13888K, reserved 425984K
}
Event: 118.912 GC heap after
{Heap after GC invocations=80 (full 0):
 garbage-first heap   total 227328K, used 145997K [0x0000000080000000, 0x0000000100000000)
  region size 1024K, 2 young (2048K), 2 survivors (2048K)
 Metaspace       used 94472K, committed 95680K, reserved 557056K
  class space    used 13378K, committed 13888K, reserved 425984K
}
Event: 120.129 GC heap before
{Heap before GC invocations=80 (full 0):
 garbage-first heap   total 227328K, used 184909K [0x0000000080000000, 0x0000000100000000)
  region size 1024K, 40 young (40960K), 2 survivors (2048K)
 Metaspace       used 96377K, committed 97472K, reserved 557056K
  class space    used 13643K, committed 14144K, reserved 425984K
}
Event: 120.136 GC heap after
{Heap after GC invocations=81 (full 0):
 garbage-first heap   total 227328K, used 147734K [0x0000000080000000, 0x0000000100000000)
  region size 1024K, 4 young (4096K), 4 survivors (4096K)
 Metaspace       used 96377K, committed 97472K, reserved 557056K
  class space    used 13643K, committed 14144K, reserved 425984K
}
Event: 121.012 GC heap before
{Heap before GC invocations=81 (full 0):
 garbage-first heap   total 227328K, used 186646K [0x0000000080000000, 0x0000000100000000)
  region size 1024K, 42 young (43008K), 4 survivors (4096K)
 Metaspace       used 97864K, committed 99072K, reserved 557056K
  class space    used 13831K, committed 14400K, reserved 425984K
}
Event: 121.020 GC heap after
{Heap after GC invocations=82 (full 0):
 garbage-first heap   total 227328K, used 151307K [0x0000000080000000, 0x0000000100000000)
  region size 1024K, 6 young (6144K), 6 survivors (6144K)
 Metaspace       used 97864K, committed 99072K, reserved 557056K
  class space    used 13831K, committed 14400K, reserved 425984K
}
Event: 121.604 GC heap before
{Heap before GC invocations=82 (full 0):
 garbage-first heap   total 227328K, used 188171K [0x0000000080000000, 0x0000000100000000)
  region size 1024K, 42 young (43008K), 6 survivors (6144K)
 Metaspace       used 98076K, committed 99328K, reserved 557056K
  class space    used 13854K, committed 14400K, reserved 425984K
}
Event: 121.622 GC heap after
{Heap after GC invocations=83 (full 0):
 garbage-first heap   total 227328K, used 157409K [0x0000000080000000, 0x0000000100000000)
  region size 1024K, 6 young (6144K), 6 survivors (6144K)
 Metaspace       used 98076K, committed 99328K, reserved 557056K
  class space    used 13854K, committed 14400K, reserved 425984K
}
Event: 122.078 GC heap before
{Heap before GC invocations=83 (full 0):
 garbage-first heap   total 227328K, used 190177K [0x0000000080000000, 0x0000000100000000)
  region size 1024K, 38 young (38912K), 6 survivors (6144K)
 Metaspace       used 98108K, committed 99328K, reserved 557056K
  class space    used 13858K, committed 14400K, reserved 425984K
}
Event: 122.092 GC heap after
{Heap after GC invocations=84 (full 0):
 garbage-first heap   total 227328K, used 163949K [0x0000000080000000, 0x0000000100000000)
  region size 1024K, 5 young (5120K), 5 survivors (5120K)
 Metaspace       used 98108K, committed 99328K, reserved 557056K
  class space    used 13858K, committed 14400K, reserved 425984K
}
Event: 122.623 GC heap before
{Heap before GC invocations=84 (full 0):
 garbage-first heap   total 227328K, used 191597K [0x0000000080000000, 0x0000000100000000)
  region size 1024K, 31 young (31744K), 5 survivors (5120K)
 Metaspace       used 98268K, committed 99520K, reserved 557056K
  class space    used 13874K, committed 14400K, reserved 425984K
}
Event: 122.630 GC heap after
{Heap after GC invocations=85 (full 0):
 garbage-first heap   total 227328K, used 168318K [0x0000000080000000, 0x0000000100000000)
  region size 1024K, 4 young (4096K), 4 survivors (4096K)
 Metaspace       used 98268K, committed 99520K, reserved 557056K
  class space    used 13874K, committed 14400K, reserved 425984K
}
Event: 123.398 GC heap before
{Heap before GC invocations=85 (full 0):
 garbage-first heap   total 227328K, used 192894K [0x0000000080000000, 0x0000000100000000)
  region size 1024K, 28 young (28672K), 4 survivors (4096K)
 Metaspace       used 98463K, committed 99712K, reserved 557056K
  class space    used 13898K, committed 14464K, reserved 425984K
}
Event: 123.406 GC heap after
{Heap after GC invocations=86 (full 0):
 garbage-first heap   total 227328K, used 170849K [0x0000000080000000, 0x0000000100000000)
  region size 1024K, 3 young (3072K), 3 survivors (3072K)
 Metaspace       used 98463K, committed 99712K, reserved 557056K
  class space    used 13898K, committed 14464K, reserved 425984K
}
Event: 129.640 GC heap before
{Heap before GC invocations=86 (full 0):
 garbage-first heap   total 227328K, used 193377K [0x0000000080000000, 0x0000000100000000)
  region size 1024K, 25 young (25600K), 3 survivors (3072K)
 Metaspace       used 98612K, committed 99904K, reserved 557056K
  class space    used 13919K, committed 14464K, reserved 425984K
}
Event: 129.645 GC heap after
{Heap after GC invocations=87 (full 0):
 garbage-first heap   total 227328K, used 177428K [0x0000000080000000, 0x0000000100000000)
  region size 1024K, 4 young (4096K), 4 survivors (4096K)
 Metaspace       used 98612K, committed 99904K, reserved 557056K
  class space    used 13919K, committed 14464K, reserved 425984K
}

Dll operation events (14 events):
Event: 0.015 Loaded shared library C:\Program Files\Microsoft\jdk-17.0.8.7-hotspot\bin\java.dll
Event: 0.037 Loaded shared library C:\Program Files\Microsoft\jdk-17.0.8.7-hotspot\bin\jsvml.dll
Event: 0.121 Loaded shared library C:\Program Files\Microsoft\jdk-17.0.8.7-hotspot\bin\zip.dll
Event: 0.127 Loaded shared library C:\Program Files\Microsoft\jdk-17.0.8.7-hotspot\bin\instrument.dll
Event: 0.133 Loaded shared library C:\Program Files\Microsoft\jdk-17.0.8.7-hotspot\bin\net.dll
Event: 0.136 Loaded shared library C:\Program Files\Microsoft\jdk-17.0.8.7-hotspot\bin\nio.dll
Event: 0.141 Loaded shared library C:\Program Files\Microsoft\jdk-17.0.8.7-hotspot\bin\zip.dll
Event: 0.513 Loaded shared library C:\Program Files\Microsoft\jdk-17.0.8.7-hotspot\bin\jimage.dll
Event: 0.628 Loaded shared library C:\Program Files\Microsoft\jdk-17.0.8.7-hotspot\bin\verify.dll
Event: 0.907 Loaded shared library C:\Users\stefa\.gradle\native\68d5fa5c4cc2d200863cafc0d521ce42e7d3e7ee720ec0a83991735586a16f82\windows-amd64\native-platform.dll
Event: 0.964 Loaded shared library C:\Users\stefa\.gradle\native\e376f236ea51e6404a007f0833ffe2c6e607c4080706a723a18a27aeea778392\windows-amd64\native-platform-file-events.dll
Event: 2.400 Loaded shared library C:\Program Files\Microsoft\jdk-17.0.8.7-hotspot\bin\management.dll
Event: 2.407 Loaded shared library C:\Program Files\Microsoft\jdk-17.0.8.7-hotspot\bin\management_ext.dll
Event: 3.194 Loaded shared library C:\Program Files\Microsoft\jdk-17.0.8.7-hotspot\bin\sunmscapi.dll

Deoptimization events (20 events):
Event: 121.657 Thread 0x0000015b3d4d8df0 DEOPT PACKING pc=0x0000015b0fce9de4 sp=0x000000246a1f5fb0
Event: 121.657 Thread 0x0000015b3d4d8df0 DEOPT UNPACKING pc=0x0000015b0efc69a3 sp=0x000000246a1f5f50 mode 2
Event: 121.818 Thread 0x0000015b3d4d8df0 DEOPT PACKING pc=0x0000015b08f4f7f6 sp=0x000000246a1f6400
Event: 121.818 Thread 0x0000015b3d4d8df0 DEOPT UNPACKING pc=0x0000015b0efc7143 sp=0x000000246a1f5888 mode 0
Event: 121.930 Thread 0x0000015b3d4d8df0 DEOPT PACKING pc=0x0000015b08880ad0 sp=0x000000246a1f6110
Event: 121.930 Thread 0x0000015b3d4d8df0 DEOPT UNPACKING pc=0x0000015b0efc7143 sp=0x000000246a1f5570 mode 0
Event: 122.403 Thread 0x0000015b3d4d8df0 Uncommon trap: trap_request=0xffffffcc fr.pc=0x0000015b0fcb0e50 relative=0x00000000000002b0
Event: 122.403 Thread 0x0000015b3d4d8df0 Uncommon trap: reason=intrinsic_or_type_checked_inlining action=make_not_entrant pc=0x0000015b0fcb0e50 method=java.util.Arrays.copyOfRange([Ljava/lang/Object;IILjava/lang/Class;)[Ljava/lang/Object; @ 84 c2
Event: 122.403 Thread 0x0000015b3d4d8df0 DEOPT PACKING pc=0x0000015b0fcb0e50 sp=0x000000246a1f7fd0
Event: 122.403 Thread 0x0000015b3d4d8df0 DEOPT UNPACKING pc=0x0000015b0efc69a3 sp=0x000000246a1f7f50 mode 2
Event: 122.800 Thread 0x0000015b3d4dcab0 Uncommon trap: trap_request=0xffffff45 fr.pc=0x0000015b0fa6f334 relative=0x0000000000003eb4
Event: 122.802 Thread 0x0000015b3d4dcab0 Uncommon trap: reason=unstable_if action=reinterpret pc=0x0000015b0fa6f334 method=sun.nio.ch.IOUtil.writeFromNativeBuffer(Ljava/io/FileDescriptor;Ljava/nio/ByteBuffer;JZZILsun/nio/ch/NativeDispatcher;)I @ 157 c2
Event: 122.802 Thread 0x0000015b3d4dcab0 DEOPT PACKING pc=0x0000015b0fa6f334 sp=0x000000246a4ff580
Event: 122.802 Thread 0x0000015b3d4dcab0 DEOPT UNPACKING pc=0x0000015b0efc69a3 sp=0x000000246a4ff160 mode 2
Event: 123.033 Thread 0x0000015b3d4d8df0 DEOPT PACKING pc=0x0000015b091076fb sp=0x000000246a1f7f80
Event: 123.034 Thread 0x0000015b3d4d8df0 DEOPT UNPACKING pc=0x0000015b0efc7143 sp=0x000000246a1f74a0 mode 0
Event: 129.566 Thread 0x0000015b3d4d8df0 Uncommon trap: trap_request=0xfffffff4 fr.pc=0x0000015b0fd0cda4 relative=0x0000000000006104
Event: 129.566 Thread 0x0000015b3d4d8df0 Uncommon trap: reason=null_check action=make_not_entrant pc=0x0000015b0fd0cda4 method=java.beans.PropertyDescriptor.findPropertyType(Ljava/lang/reflect/Method;Ljava/lang/reflect/Method;)Ljava/lang/Class; @ 113 c2
Event: 129.566 Thread 0x0000015b3d4d8df0 DEOPT PACKING pc=0x0000015b0fd0cda4 sp=0x000000246a1f3230
Event: 129.567 Thread 0x0000015b3d4d8df0 DEOPT UNPACKING pc=0x0000015b0efc69a3 sp=0x000000246a1f3240 mode 2

Classes unloaded (0 events):
No events

Classes redefined (0 events):
No events

Internal exceptions (20 events):
Event: 122.632 Thread 0x0000015b3d4d8df0 Exception <a 'java/lang/ClassNotFoundException'{0x000000008dd0fdf8}: com/android/build/gradle/internal/dsl/NdkOptions_DecoratedCustomizer> (0x000000008dd0fdf8) 
thrown [s\src\hotspot\share\classfile\systemDictionary.cpp, line 256]
Event: 122.919 Thread 0x0000015b3d4d8df0 Exception <a 'java/lang/ClassNotFoundException'{0x000000008d345ee0}: build_9jjclmxdmswusmqr2jmshukp8BeanInfo> (0x000000008d345ee0) 
thrown [s\src\hotspot\share\classfile\systemDictionary.cpp, line 256]
Event: 122.921 Thread 0x0000015b3d4d8df0 Exception <a 'java/lang/ClassNotFoundException'{0x000000008d34c8f0}: build_9jjclmxdmswusmqr2jmshukp8Customizer> (0x000000008d34c8f0) 
thrown [s\src\hotspot\share\classfile\systemDictionary.cpp, line 256]
Event: 122.932 Thread 0x0000015b3d4d8df0 Exception <a 'java/lang/ClassNotFoundException'{0x000000008d3b3040}: build_9jjclmxdmswusmqr2jmshukp8$_run_closure1BeanInfo> (0x000000008d3b3040) 
thrown [s\src\hotspot\share\classfile\systemDictionary.cpp, line 256]
Event: 122.932 Thread 0x0000015b3d4d8df0 Exception <a 'java/lang/ClassNotFoundException'{0x000000008d3b9f98}: build_9jjclmxdmswusmqr2jmshukp8$_run_closure1Customizer> (0x000000008d3b9f98) 
thrown [s\src\hotspot\share\classfile\systemDictionary.cpp, line 256]
Event: 123.482 Thread 0x0000015b3d4d8df0 Exception <a 'java/lang/ClassNotFoundException'{0x000000008dc2c670}: build_9jjclmxdmswusmqr2jmshukp8BeanInfo> (0x000000008dc2c670) 
thrown [s\src\hotspot\share\classfile\systemDictionary.cpp, line 256]
Event: 123.482 Thread 0x0000015b3d4d8df0 Exception <a 'java/lang/ClassNotFoundException'{0x000000008dc33020}: build_9jjclmxdmswusmqr2jmshukp8Customizer> (0x000000008dc33020) 
thrown [s\src\hotspot\share\classfile\systemDictionary.cpp, line 256]
Event: 129.508 Thread 0x0000015b3d4d8df0 Exception <a 'java/lang/ClassNotFoundException'{0x000000008cf509f8}: build_9jjclmxdmswusmqr2jmshukp8$_run_closure1BeanInfo> (0x000000008cf509f8) 
thrown [s\src\hotspot\share\classfile\systemDictionary.cpp, line 256]
Event: 129.509 Thread 0x0000015b3d4d8df0 Exception <a 'java/lang/ClassNotFoundException'{0x000000008cf5c7e8}: build_9jjclmxdmswusmqr2jmshukp8$_run_closure1Customizer> (0x000000008cf5c7e8) 
thrown [s\src\hotspot\share\classfile\systemDictionary.cpp, line 256]
Event: 129.529 Thread 0x0000015b3d4d8df0 Exception <a 'java/lang/ClassNotFoundException'{0x000000008ce08630}: build_9jjclmxdmswusmqr2jmshukp8$_run_closure1$_closure9BeanInfo> (0x000000008ce08630) 
thrown [s\src\hotspot\share\classfile\systemDictionary.cpp, line 256]
Event: 129.530 Thread 0x0000015b3d4d8df0 Exception <a 'java/lang/ClassNotFoundException'{0x000000008ce141b8}: build_9jjclmxdmswusmqr2jmshukp8$_run_closure1$_closure9Customizer> (0x000000008ce141b8) 
thrown [s\src\hotspot\share\classfile\systemDictionary.cpp, line 256]
Event: 129.547 Thread 0x0000015b3d4d8df0 Exception <a 'java/lang/ClassNotFoundException'{0x000000008ce9b748}: org/gradle/api/internal/artifacts/dsl/dependencies/DefaultDependencyConstraintHandler_DecoratedBeanInfo> (0x000000008ce9b748) 
thrown [s\src\hotspot\share\classfile\systemDictionary.cpp, line 256]
Event: 129.549 Thread 0x0000015b3d4d8df0 Exception <a 'java/lang/ClassNotFoundException'{0x000000008ceb77d8}: org/gradle/api/internal/artifacts/dsl/dependencies/DefaultDependencyConstraintHandlerBeanInfo> (0x000000008ceb77d8) 
thrown [s\src\hotspot\share\classfile\systemDictionary.cpp, line 256]
Event: 129.551 Thread 0x0000015b3d4d8df0 Exception <a 'java/lang/ClassNotFoundException'{0x000000008ced3730}: org/gradle/api/internal/artifacts/dsl/dependencies/DefaultDependencyConstraintHandlerCustomizer> (0x000000008ced3730) 
thrown [s\src\hotspot\share\classfile\systemDictionary.cpp, line 256]
Event: 129.553 Thread 0x0000015b3d4d8df0 Exception <a 'java/lang/ClassNotFoundException'{0x000000008cef8a60}: org/gradle/api/internal/artifacts/dsl/dependencies/DefaultDependencyConstraintHandler_DecoratedCustomizer> (0x000000008cef8a60) 
thrown [s\src\hotspot\share\classfile\systemDictionary.cpp, line 256]
Event: 129.560 Thread 0x0000015b3d4d8df0 Exception <a 'java/lang/ClassNotFoundException'{0x000000008cd5b0e0}: org/gradle/api/internal/artifacts/dependencies/DefaultDependencyConstraint_DecoratedBeanInfo> (0x000000008cd5b0e0) 
thrown [s\src\hotspot\share\classfile\systemDictionary.cpp, line 256]
Event: 129.562 Thread 0x0000015b3d4d8df0 Exception <a 'java/lang/ClassNotFoundException'{0x000000008cd78df8}: org/gradle/api/internal/artifacts/dependencies/DefaultDependencyConstraintBeanInfo> (0x000000008cd78df8) 
thrown [s\src\hotspot\share\classfile\systemDictionary.cpp, line 256]
Event: 129.564 Thread 0x0000015b3d4d8df0 Exception <a 'java/lang/ClassNotFoundException'{0x000000008cd96b18}: org/gradle/api/internal/artifacts/dependencies/DefaultDependencyConstraintCustomizer> (0x000000008cd96b18) 
thrown [s\src\hotspot\share\classfile\systemDictionary.cpp, line 256]
Event: 129.566 Thread 0x0000015b3d4d8df0 Exception <a 'java/lang/ClassNotFoundException'{0x000000008cdc67d0}: org/gradle/api/internal/artifacts/dependencies/DefaultDependencyConstraint_DecoratedCustomizer> (0x000000008cdc67d0) 
thrown [s\src\hotspot\share\classfile\systemDictionary.cpp, line 256]
Event: 129.566 Thread 0x0000015b3d4d8df0 Implicit null exception at 0x0000015b0fd0746e to 0x0000015b0fd0cd90

VM Operations (20 events):
Event: 121.604 Executing VM operation: G1CollectForAllocation
Event: 121.624 Executing VM operation: G1CollectForAllocation done
Event: 122.078 Executing VM operation: G1CollectForAllocation
Event: 122.092 Executing VM operation: G1CollectForAllocation done
Event: 122.161 Executing VM operation: HandshakeAllThreads
Event: 122.162 Executing VM operation: HandshakeAllThreads done
Event: 122.224 Executing VM operation: HandshakeAllThreads
Event: 122.224 Executing VM operation: HandshakeAllThreads done
Event: 122.248 Executing VM operation: ICBufferFull
Event: 122.249 Executing VM operation: ICBufferFull done
Event: 122.261 Executing VM operation: HandshakeAllThreads
Event: 122.261 Executing VM operation: HandshakeAllThreads done
Event: 122.623 Executing VM operation: G1CollectForAllocation
Event: 122.630 Executing VM operation: G1CollectForAllocation done
Event: 123.398 Executing VM operation: G1CollectForAllocation
Event: 123.407 Executing VM operation: G1CollectForAllocation done
Event: 124.407 Executing VM operation: Cleanup
Event: 124.407 Executing VM operation: Cleanup done
Event: 129.640 Executing VM operation: G1CollectForAllocation
Event: 129.645 Executing VM operation: G1CollectForAllocation done

Events (20 events):
Event: 122.291 Thread 0x0000015b7f36e720 flushing nmethod 0x0000015b08fcd190
Event: 122.291 Thread 0x0000015b7f36e720 flushing nmethod 0x0000015b0905ea90
Event: 122.291 Thread 0x0000015b7f36e720 flushing nmethod 0x0000015b09090790
Event: 122.291 Thread 0x0000015b7f36e720 flushing nmethod 0x0000015b09090e90
Event: 122.291 Thread 0x0000015b7f36e720 flushing nmethod 0x0000015b0909a790
Event: 122.291 Thread 0x0000015b7f36e720 flushing nmethod 0x0000015b090aa890
Event: 122.292 Thread 0x0000015b7f36e720 flushing nmethod 0x0000015b090c1690
Event: 122.292 Thread 0x0000015b7f36e720 flushing nmethod 0x0000015b090d2c10
Event: 122.292 Thread 0x0000015b7f36e720 flushing nmethod 0x0000015b090d2f90
Event: 122.292 Thread 0x0000015b7f36e720 flushing nmethod 0x0000015b090e5b90
Event: 122.292 Thread 0x0000015b7f36e720 flushing nmethod 0x0000015b091aa990
Event: 122.292 Thread 0x0000015b7f36e720 flushing nmethod 0x0000015b091b5210
Event: 123.095 Thread 0x0000015b3c874e60 Thread added: 0x0000015b3c874e60
Event: 123.095 Thread 0x0000015b41653110 Thread added: 0x0000015b41653110
Event: 123.096 Thread 0x0000015b3d4dbb80 Thread added: 0x0000015b3d4dbb80
Event: 123.096 Thread 0x0000015b3f278c30 Thread added: 0x0000015b3f278c30
Event: 123.096 Thread 0x0000015b3f274f70 Thread added: 0x0000015b3f274f70
Event: 123.097 Thread 0x0000015b3f27a580 Thread added: 0x0000015b3f27a580
Event: 123.097 Thread 0x0000015b3f274550 Thread added: 0x0000015b3f274550
Event: 124.479 Thread 0x0000015b3e528040 Thread exited: 0x0000015b3e528040


Dynamic libraries:
0x00007ff6a4e20000 - 0x00007ff6a4e2e000 	C:\Program Files\Microsoft\jdk-17.0.8.7-hotspot\bin\java.exe
0x00007ffd12390000 - 0x00007ffd12588000 	C:\WINDOWS\SYSTEM32\ntdll.dll
0x00007ffcd05b0000 - 0x00007ffcd05c9000 	C:\Program Files\Avast Software\Avast\aswhook.dll
0x00007ffd103c0000 - 0x00007ffd1047d000 	C:\WINDOWS\System32\KERNEL32.DLL
0x00007ffd0fca0000 - 0x00007ffd0ff96000 	C:\WINDOWS\System32\KERNELBASE.dll
0x00007ffd10170000 - 0x00007ffd10270000 	C:\WINDOWS\System32\ucrtbase.dll
0x00007ffcef4f0000 - 0x00007ffcef507000 	C:\Program Files\Microsoft\jdk-17.0.8.7-hotspot\bin\jli.dll
0x00007ffcea5c0000 - 0x00007ffcea5db000 	C:\Program Files\Microsoft\jdk-17.0.8.7-hotspot\bin\VCRUNTIME140.dll
0x00007ffd10840000 - 0x00007ffd109df000 	C:\WINDOWS\System32\USER32.dll
0x00007ffd10140000 - 0x00007ffd10162000 	C:\WINDOWS\System32\win32u.dll
0x00007ffcebdd0000 - 0x00007ffcec06a000 	C:\WINDOWS\WinSxS\amd64_microsoft.windows.common-controls_6595b64144ccf1df_6.0.19041.3636_none_60b6a03d71f818d5\COMCTL32.dll
0x00007ffd11f10000 - 0x00007ffd11f3b000 	C:\WINDOWS\System32\GDI32.dll
0x00007ffd12180000 - 0x00007ffd1221e000 	C:\WINDOWS\System32\msvcrt.dll
0x00007ffd0fff0000 - 0x00007ffd10107000 	C:\WINDOWS\System32\gdi32full.dll
0x00007ffd10320000 - 0x00007ffd103bd000 	C:\WINDOWS\System32\msvcp_win.dll
0x00007ffd11cc0000 - 0x00007ffd11cf2000 	C:\WINDOWS\System32\IMM32.DLL
0x00007ffceecd0000 - 0x00007ffceecdc000 	C:\Program Files\Microsoft\jdk-17.0.8.7-hotspot\bin\vcruntime140_1.dll
0x00007ffcbce50000 - 0x00007ffcbcedd000 	C:\Program Files\Microsoft\jdk-17.0.8.7-hotspot\bin\msvcp140.dll
0x00007ffc91b10000 - 0x00007ffc92775000 	C:\Program Files\Microsoft\jdk-17.0.8.7-hotspot\bin\server\jvm.dll
0x00007ffd10770000 - 0x00007ffd10820000 	C:\WINDOWS\System32\ADVAPI32.dll
0x00007ffd106d0000 - 0x00007ffd10770000 	C:\WINDOWS\System32\sechost.dll
0x00007ffd10490000 - 0x00007ffd105b3000 	C:\WINDOWS\System32\RPCRT4.dll
0x00007ffd10110000 - 0x00007ffd10137000 	C:\WINDOWS\System32\bcrypt.dll
0x00007ffcf8630000 - 0x00007ffcf8639000 	C:\WINDOWS\SYSTEM32\WSOCK32.dll
0x00007ffce4410000 - 0x00007ffce4437000 	C:\WINDOWS\SYSTEM32\WINMM.dll
0x00007ffd0ef90000 - 0x00007ffd0efdb000 	C:\WINDOWS\SYSTEM32\POWRPROF.dll
0x00007ffcfe190000 - 0x00007ffcfe19a000 	C:\WINDOWS\SYSTEM32\VERSION.dll
0x00007ffd11e40000 - 0x00007ffd11eab000 	C:\WINDOWS\System32\WS2_32.dll
0x00007ffd0ee00000 - 0x00007ffd0ee12000 	C:\WINDOWS\SYSTEM32\UMPDC.dll
0x00007ffd0e220000 - 0x00007ffd0e232000 	C:\WINDOWS\SYSTEM32\kernel.appcore.dll
0x00007ffcee410000 - 0x00007ffcee41a000 	C:\Program Files\Microsoft\jdk-17.0.8.7-hotspot\bin\jimage.dll
0x00007ffd0df30000 - 0x00007ffd0e114000 	C:\WINDOWS\SYSTEM32\DBGHELP.DLL
0x00007ffcfca70000 - 0x00007ffcfcaa4000 	C:\WINDOWS\SYSTEM32\dbgcore.DLL
0x00007ffd0fab0000 - 0x00007ffd0fb32000 	C:\WINDOWS\System32\bcryptPrimitives.dll
0x00007ffcebc80000 - 0x00007ffcebc8e000 	C:\Program Files\Microsoft\jdk-17.0.8.7-hotspot\bin\instrument.dll
0x00007ffcdd7a0000 - 0x00007ffcdd7c5000 	C:\Program Files\Microsoft\jdk-17.0.8.7-hotspot\bin\java.dll
0x00007ffcb4ee0000 - 0x00007ffcb4fb7000 	C:\Program Files\Microsoft\jdk-17.0.8.7-hotspot\bin\jsvml.dll
0x00007ffd10a70000 - 0x00007ffd111db000 	C:\WINDOWS\System32\SHELL32.dll
0x00007ffd0d6c0000 - 0x00007ffd0de5e000 	C:\WINDOWS\SYSTEM32\windows.storage.dll
0x00007ffd11800000 - 0x00007ffd11b53000 	C:\WINDOWS\System32\combase.dll
0x00007ffd0f390000 - 0x00007ffd0f3be000 	C:\WINDOWS\SYSTEM32\Wldp.dll
0x00007ffd11b70000 - 0x00007ffd11c3d000 	C:\WINDOWS\System32\OLEAUT32.dll
0x00007ffd105c0000 - 0x00007ffd1066d000 	C:\WINDOWS\System32\SHCORE.dll
0x00007ffd10670000 - 0x00007ffd106c5000 	C:\WINDOWS\System32\shlwapi.dll
0x00007ffd0f970000 - 0x00007ffd0f993000 	C:\WINDOWS\SYSTEM32\profapi.dll
0x00007ffce9d10000 - 0x00007ffce9d28000 	C:\Program Files\Microsoft\jdk-17.0.8.7-hotspot\bin\zip.dll
0x00007ffce74d0000 - 0x00007ffce74e9000 	C:\Program Files\Microsoft\jdk-17.0.8.7-hotspot\bin\net.dll
0x00007ffd06ea0000 - 0x00007ffd06faa000 	C:\WINDOWS\SYSTEM32\WINHTTP.dll
0x00007ffd0f170000 - 0x00007ffd0f1da000 	C:\WINDOWS\system32\mswsock.dll
0x00007ffcd7c70000 - 0x00007ffcd7c86000 	C:\Program Files\Microsoft\jdk-17.0.8.7-hotspot\bin\nio.dll
0x00007ffcebc00000 - 0x00007ffcebc10000 	C:\Program Files\Microsoft\jdk-17.0.8.7-hotspot\bin\verify.dll
0x00007ffce9d30000 - 0x00007ffce9d57000 	C:\Users\stefa\.gradle\native\68d5fa5c4cc2d200863cafc0d521ce42e7d3e7ee720ec0a83991735586a16f82\windows-amd64\native-platform.dll
0x00007ffcaddc0000 - 0x00007ffcadf04000 	C:\Users\stefa\.gradle\native\e376f236ea51e6404a007f0833ffe2c6e607c4080706a723a18a27aeea778392\windows-amd64\native-platform-file-events.dll
0x00007ffcfbd90000 - 0x00007ffcfbd99000 	C:\Program Files\Microsoft\jdk-17.0.8.7-hotspot\bin\management.dll
0x00007ffcf7270000 - 0x00007ffcf727b000 	C:\Program Files\Microsoft\jdk-17.0.8.7-hotspot\bin\management_ext.dll
0x00007ffd10480000 - 0x00007ffd10488000 	C:\WINDOWS\System32\PSAPI.DLL
0x00007ffd0f3d0000 - 0x00007ffd0f3e8000 	C:\WINDOWS\SYSTEM32\CRYPTSP.dll
0x00007ffd0ea40000 - 0x00007ffd0ea74000 	C:\WINDOWS\system32\rsaenh.dll
0x00007ffd0f930000 - 0x00007ffd0f95e000 	C:\WINDOWS\SYSTEM32\USERENV.dll
0x00007ffd0f300000 - 0x00007ffd0f30c000 	C:\WINDOWS\SYSTEM32\CRYPTBASE.dll
0x00007ffd0ee20000 - 0x00007ffd0ee5b000 	C:\WINDOWS\SYSTEM32\IPHLPAPI.DLL
0x00007ffd12340000 - 0x00007ffd12348000 	C:\WINDOWS\System32\NSI.dll
0x00007ffd04b50000 - 0x00007ffd04b67000 	C:\WINDOWS\SYSTEM32\dhcpcsvc6.DLL
0x00007ffd04b30000 - 0x00007ffd04b4d000 	C:\WINDOWS\SYSTEM32\dhcpcsvc.DLL
0x00007ffd0eeb0000 - 0x00007ffd0ef7b000 	C:\WINDOWS\SYSTEM32\DNSAPI.dll
0x00007ffcf19e0000 - 0x00007ffcf19ee000 	C:\Program Files\Microsoft\jdk-17.0.8.7-hotspot\bin\sunmscapi.dll
0x00007ffd0fb40000 - 0x00007ffd0fc9e000 	C:\WINDOWS\System32\CRYPT32.dll
0x00007ffd0f4e0000 - 0x00007ffd0f508000 	C:\WINDOWS\SYSTEM32\ncrypt.dll
0x00007ffd0f4a0000 - 0x00007ffd0f4db000 	C:\WINDOWS\SYSTEM32\NTASN1.dll
0x00007ffcf19d0000 - 0x00007ffcf19d7000 	C:\WINDOWS\system32\wshunix.dll
0x00007ffce66f0000 - 0x00007ffce6707000 	C:\WINDOWS\system32\napinsp.dll
0x00007ffce6710000 - 0x00007ffce672b000 	C:\WINDOWS\system32\pnrpnsp.dll
0x00007ffd06610000 - 0x00007ffd06625000 	C:\WINDOWS\system32\wshbth.dll
0x00007ffd06e80000 - 0x00007ffd06e9d000 	C:\WINDOWS\system32\NLAapi.dll
0x00007ffce9030000 - 0x00007ffce9042000 	C:\WINDOWS\System32\winrnr.dll
0x0000000067910000 - 0x000000006791b000 	C:\Program Files\National Instruments\Shared\mDNS Responder\nimdnsNSP.dll
0x00000000678f0000 - 0x0000000067901000 	C:\WINDOWS\SYSTEM32\nimdnsResponder.dll
0x00007ffcff050000 - 0x00007ffcff05a000 	C:\Windows\System32\rasadhlp.dll
0x00007ffcfe4b0000 - 0x00007ffcfe530000 	C:\WINDOWS\System32\fwpuclnt.dll
0x00007ffd0cf40000 - 0x00007ffd0cfd0000 	C:\WINDOWS\system32\apphelp.dll
0x00007ffd0eb60000 - 0x00007ffd0eb93000 	C:\WINDOWS\SYSTEM32\ntmarta.dll

dbghelp: loaded successfully - version: 4.0.5 - missing functions: none
symbol engine: initialized successfully - sym options: 0x614 - pdb path: .;C:\Program Files\Microsoft\jdk-17.0.8.7-hotspot\bin;C:\WINDOWS\SYSTEM32;C:\Program Files\Avast Software\Avast;C:\WINDOWS\WinSxS\amd64_microsoft.windows.common-controls_6595b64144ccf1df_6.0.19041.3636_none_60b6a03d71f818d5;C:\Program Files\Microsoft\jdk-17.0.8.7-hotspot\bin\server;C:\Users\stefa\.gradle\native\68d5fa5c4cc2d200863cafc0d521ce42e7d3e7ee720ec0a83991735586a16f82\windows-amd64;C:\Users\stefa\.gradle\native\e376f236ea51e6404a007f0833ffe2c6e607c4080706a723a18a27aeea778392\windows-amd64;C:\Program Files\National Instruments\Shared\mDNS Responder

VM Arguments:
jvm_args: -XX:MaxMetaspaceSize=512m --add-opens=java.base/java.util=ALL-UNNAMED --add-opens=java.base/java.lang=ALL-UNNAMED --add-opens=java.base/java.lang.invoke=ALL-UNNAMED --add-opens=java.prefs/java.util.prefs=ALL-UNNAMED --add-opens=java.base/java.nio.charset=ALL-UNNAMED --add-opens=java.base/java.net=ALL-UNNAMED --add-opens=java.base/java.util.concurrent.atomic=ALL-UNNAMED -Xmx2048m -Dfile.encoding=utf8 -Duser.country=GB -Duser.language=en -Duser.variant -javaagent:C:\Users\stefa\.gradle\wrapper\dists\gradle-8.3-all\6en3ugtfdg5xnpx44z4qbwgas\gradle-8.3\lib\agents\gradle-instrumentation-agent-8.3.jar 
java_command: org.gradle.launcher.daemon.bootstrap.GradleDaemon 8.3
java_class_path (initial): C:\Users\stefa\.gradle\wrapper\dists\gradle-8.3-all\6en3ugtfdg5xnpx44z4qbwgas\gradle-8.3\lib\gradle-launcher-8.3.jar
Launcher Type: SUN_STANDARD

[Global flags]
     intx CICompilerCount                          = 4                                         {product} {ergonomic}
   size_t CompressedClassSpaceSize                 = 436207616                                 {product} {ergonomic}
     uint ConcGCThreads                            = 2                                         {product} {ergonomic}
     uint G1ConcRefinementThreads                  = 8                                         {product} {ergonomic}
   size_t G1HeapRegionSize                         = 1048576                                   {product} {ergonomic}
    uintx GCDrainStackTargetSize                   = 64                                        {product} {ergonomic}
   size_t InitialHeapSize                          = 132120576                                 {product} {ergonomic}
   size_t MarkStackSize                            = 4194304                                   {product} {ergonomic}
   size_t MaxHeapSize                              = 2147483648                                {product} {command line}
   size_t MaxMetaspaceSize                         = 536870912                                 {product} {command line}
   size_t MaxNewSize                               = 1287651328                                {product} {ergonomic}
   size_t MinHeapDeltaBytes                        = 1048576                                   {product} {ergonomic}
   size_t MinHeapSize                              = 8388608                                   {product} {ergonomic}
    uintx NonNMethodCodeHeapSize                   = 5839372                                {pd product} {ergonomic}
    uintx NonProfiledCodeHeapSize                  = 122909434                              {pd product} {ergonomic}
    uintx ProfiledCodeHeapSize                     = 122909434                              {pd product} {ergonomic}
    uintx ReservedCodeCacheSize                    = 251658240                              {pd product} {ergonomic}
     bool SegmentedCodeCache                       = true                                      {product} {ergonomic}
   size_t SoftMaxHeapSize                          = 2147483648                             {manageable} {ergonomic}
     bool UseCompressedClassPointers               = true                           {product lp64_product} {ergonomic}
     bool UseCompressedOops                        = true                           {product lp64_product} {ergonomic}
     bool UseG1GC                                  = true                                      {product} {ergonomic}
     bool UseLargePagesIndividualAllocation        = false                                  {pd product} {ergonomic}

Logging:
Log output configuration:
 #0: stdout all=warning uptime,level,tags
 #1: stderr all=off uptime,level,tags

Environment Variables:
JAVA_HOME=C:\Program Files\Microsoft\jdk-17.0.8.7-hotspot\
PATH=C:\Program Files\Microsoft\jdk-17.0.8.7-hotspot\bin;C:\Program Files (x86)\Common Files\Oracle\Java\javapath;C:\Windows\system32;C:\Windows;C:\Windows\System32\Wbem;C:\Windows\System32\WindowsPowerShell\v1.0\;C:\Windows\System32\OpenSSH\;C:\Program Files (x86)\NVIDIA Corporation\PhysX\Common;C:\Program Files\NVIDIA Corporation\NVIDIA NvDLISR;C:\WINDOWS\system32;C:\WINDOWS;C:\WINDOWS\System32\Wbem;C:\WINDOWS\System32\WindowsPowerShell\v1.0\;C:\WINDOWS\System32\OpenSSH\;C:\Program Files\Git\cmd;C:\Program Files\Docker\Docker\resources\bin;C:\Program Files\dotnet\;C:\Program Files (x86)\Windows Kits\10\Windows Performance Toolkit\;C:\Program Files\nodejs\;C:\ProgramData\chocolatey\bin;C:\Program Files (x86)\IVI Foundation\VISA\WinNT\Bin\;C:\Program Files\IVI Foundation\VISA\Win64\Bin\;C:\Program Files (x86)\IVI Foundation\IVI\Bin\;C:\Program Files\IVI Foundation\IVI\Bin\;C:\Program Files (x86)\IVI Foundation\VISA\WinNT\Bin;C:\Program Files (x86)\National Instruments\Shared\LabVIEW CLI;C:\Program Files\Git LFS;C:\Users\stefa\AppData\Local\Microsoft\WindowsApps;C:\Users\stefa\AppData\Local\GitHubDesktop\bin;C:\Users\stefa\AppData\Local\Programs\Microsoft VS Code\bin;C:\Users\stefa\AppData\Local\JetBrains\Toolbox\scripts;C:\Users\stefa\.dotnet\tools;C:\Users\stefa\AppData\Roaming\npm;C:\Users\stefa\AppData\Local\Android\Sdk\platform-tools;C:\iverilog\bin;C:\msys64\ucrt64\bin;
USERNAME=stefa
OS=Windows_NT
PROCESSOR_IDENTIFIER=Intel64 Family 6 Model 142 Stepping 12, GenuineIntel
TMP=C:\Users\stefa\AppData\Local\Temp
TEMP=C:\Users\stefa\AppData\Local\Temp



---------------  S Y S T E M  ---------------

OS:
 Windows 10 , 64 bit Build 19041 (10.0.19041.3636)
OS uptime: 0 days 13:43 hours
Hyper-V role detected

CPU: total 8 (initial active 8) (4 cores per cpu, 2 threads per core) family 6 model 142 stepping 12 microcode 0xbe, cx8, cmov, fxsr, ht, mmx, 3dnowpref, sse, sse2, sse3, ssse3, sse4.1, sse4.2, popcnt, lzcnt, tsc, tscinvbit, avx, avx2, aes, erms, clmul, bmi1, bmi2, adx, fma, vzeroupper, clflush, clflushopt, hv
Processor Information for all 8 processors :
  Max Mhz: 2304, Current Mhz: 1803, Mhz Limit: 1797

Memory: 4k page, system-wide physical 7990M (382M free)
TotalPageFile size 32566M (AvailPageFile size 66M)
current process WorkingSet (physical memory assigned to process): 382M, peak: 409M
current process commit charge ("private bytes"): 554M, peak: 564M

vm_info: OpenJDK 64-Bit Server VM (17.0.8+7-LTS) for windows-amd64 JRE (17.0.8+7-LTS), built on Jul  7 2023 17:21:55 by "MicrosoftCorporation" with MS VC++ 16.10 / 16.11 (VS2019)

END.
